{"C:\\Users\\Colin\\Desktop\\Seneca\\PRJ\\travelwise-server\\index.js": {"path":"C:\\Users\\Colin\\Desktop\\Seneca\\PRJ\\travelwise-server\\index.js","statementMap":{"0":{"start":{"line":1,"column":16},"end":{"line":1,"column":34}},"1":{"start":{"line":2,"column":17},"end":{"line":2,"column":36}},"2":{"start":{"line":3,"column":0},"end":{"line":3,"column":27}},"3":{"start":{"line":5,"column":12},"end":{"line":5,"column":21}},"4":{"start":{"line":10,"column":21},"end":{"line":10,"column":47}},"5":{"start":{"line":11,"column":20},"end":{"line":11,"column":45}},"6":{"start":{"line":12,"column":29},"end":{"line":12,"column":63}},"7":{"start":{"line":13,"column":24},"end":{"line":13,"column":53}},"8":{"start":{"line":14,"column":21},"end":{"line":14,"column":47}},"9":{"start":{"line":19,"column":0},"end":{"line":19,"column":24}},"10":{"start":{"line":20,"column":0},"end":{"line":20,"column":48}},"11":{"start":{"line":23,"column":18},"end":{"line":23,"column":53}},"12":{"start":{"line":25,"column":0},"end":{"line":27,"column":3}},"13":{"start":{"line":26,"column":4},"end":{"line":26,"column":55}},"14":{"start":{"line":29,"column":0},"end":{"line":31,"column":3}},"15":{"start":{"line":30,"column":4},"end":{"line":30,"column":37}},"16":{"start":{"line":38,"column":0},"end":{"line":38,"column":33}},"17":{"start":{"line":39,"column":0},"end":{"line":39,"column":31}},"18":{"start":{"line":40,"column":0},"end":{"line":40,"column":49}},"19":{"start":{"line":41,"column":0},"end":{"line":41,"column":45}},"20":{"start":{"line":42,"column":0},"end":{"line":42,"column":38}},"21":{"start":{"line":45,"column":18},"end":{"line":56,"column":1}},"22":{"start":{"line":46,"column":4},"end":{"line":55,"column":5}},"23":{"start":{"line":47,"column":8},"end":{"line":50,"column":11}},"24":{"start":{"line":51,"column":8},"end":{"line":51,"column":44}},"25":{"start":{"line":53,"column":8},"end":{"line":53,"column":61}},"26":{"start":{"line":58,"column":0},"end":{"line":63,"column":3}},"27":{"start":{"line":59,"column":17},"end":{"line":59,"column":41}},"28":{"start":{"line":60,"column":4},"end":{"line":62,"column":7}},"29":{"start":{"line":61,"column":8},"end":{"line":61,"column":57}},"30":{"start":{"line":65,"column":0},"end":{"line":65,"column":21}}},"fnMap":{"0":{"name":"(anonymous_0)","decl":{"start":{"line":25,"column":13},"end":{"line":25,"column":14}},"loc":{"start":{"line":25,"column":27},"end":{"line":27,"column":1}},"line":25},"1":{"name":"(anonymous_1)","decl":{"start":{"line":29,"column":17},"end":{"line":29,"column":18}},"loc":{"start":{"line":29,"column":31},"end":{"line":31,"column":1}},"line":29},"2":{"name":"(anonymous_2)","decl":{"start":{"line":45,"column":18},"end":{"line":45,"column":19}},"loc":{"start":{"line":45,"column":30},"end":{"line":56,"column":1}},"line":45},"3":{"name":"(anonymous_3)","decl":{"start":{"line":58,"column":17},"end":{"line":58,"column":18}},"loc":{"start":{"line":58,"column":23},"end":{"line":63,"column":1}},"line":58},"4":{"name":"(anonymous_4)","decl":{"start":{"line":60,"column":21},"end":{"line":60,"column":22}},"loc":{"start":{"line":60,"column":27},"end":{"line":62,"column":5}},"line":60}},"branchMap":{"0":{"loc":{"start":{"line":59,"column":17},"end":{"line":59,"column":41}},"type":"binary-expr","locations":[{"start":{"line":59,"column":17},"end":{"line":59,"column":33}},{"start":{"line":59,"column":37},"end":{"line":59,"column":41}}],"line":59}},"s":{"0":1,"1":1,"2":1,"3":1,"4":1,"5":1,"6":1,"7":1,"8":1,"9":1,"10":1,"11":1,"12":1,"13":0,"14":1,"15":0,"16":1,"17":1,"18":1,"19":1,"20":1,"21":1,"22":1,"23":1,"24":1,"25":0,"26":1,"27":1,"28":1,"29":1,"30":1},"f":{"0":0,"1":0,"2":1,"3":1,"4":1},"b":{"0":[1,0]},"inputSourceMap":null,"_coverageSchema":"1a1c01bbd47fc00a2c39e90264f33305004495a9","hash":"107ef84838dd1a43fb1cd055b83cf3b8fb60e800"}
,"C:\\Users\\Colin\\Desktop\\Seneca\\PRJ\\travelwise-server\\database\\schema.js": {"path":"C:\\Users\\Colin\\Desktop\\Seneca\\PRJ\\travelwise-server\\database\\schema.js","statementMap":{"0":{"start":{"line":1,"column":17},"end":{"line":1,"column":36}},"1":{"start":{"line":4,"column":26},"end":{"line":9,"column":2}},"2":{"start":{"line":11,"column":23},"end":{"line":14,"column":2}},"3":{"start":{"line":16,"column":28},"end":{"line":27,"column":2}},"4":{"start":{"line":29,"column":22},"end":{"line":33,"column":2}},"5":{"start":{"line":36,"column":31},"end":{"line":47,"column":2}},"6":{"start":{"line":50,"column":31},"end":{"line":68,"column":2}},"7":{"start":{"line":70,"column":23},"end":{"line":73,"column":2}},"8":{"start":{"line":75,"column":30},"end":{"line":77,"column":2}},"9":{"start":{"line":79,"column":28},"end":{"line":94,"column":2}},"10":{"start":{"line":97,"column":19},"end":{"line":108,"column":2}},"11":{"start":{"line":113,"column":27},"end":{"line":126,"column":2}},"12":{"start":{"line":129,"column":21},"end":{"line":140,"column":2}},"13":{"start":{"line":142,"column":24},"end":{"line":149,"column":2}},"14":{"start":{"line":151,"column":22},"end":{"line":163,"column":2}},"15":{"start":{"line":165,"column":21},"end":{"line":171,"column":2}},"16":{"start":{"line":173,"column":26},"end":{"line":181,"column":2}},"17":{"start":{"line":183,"column":22},"end":{"line":193,"column":2}},"18":{"start":{"line":197,"column":23},"end":{"line":204,"column":2}},"19":{"start":{"line":206,"column":28},"end":{"line":212,"column":2}},"20":{"start":{"line":216,"column":0},"end":{"line":216,"column":48}},"21":{"start":{"line":217,"column":0},"end":{"line":217,"column":45}},"22":{"start":{"line":218,"column":0},"end":{"line":218,"column":39}},"23":{"start":{"line":219,"column":0},"end":{"line":219,"column":46}},"24":{"start":{"line":220,"column":0},"end":{"line":220,"column":44}},"25":{"start":{"line":221,"column":0},"end":{"line":221,"column":53}},"26":{"start":{"line":222,"column":0},"end":{"line":222,"column":46}},"27":{"start":{"line":223,"column":0},"end":{"line":223,"column":87}},"28":{"start":{"line":224,"column":0},"end":{"line":224,"column":53}},"29":{"start":{"line":227,"column":0},"end":{"line":227,"column":44}},"30":{"start":{"line":230,"column":0},"end":{"line":230,"column":42}},"31":{"start":{"line":233,"column":13},"end":{"line":233,"column":47}},"32":{"start":{"line":235,"column":15},"end":{"line":235,"column":53}},"33":{"start":{"line":236,"column":18},"end":{"line":236,"column":62}},"34":{"start":{"line":237,"column":16},"end":{"line":237,"column":56}},"35":{"start":{"line":238,"column":15},"end":{"line":238,"column":53}},"36":{"start":{"line":239,"column":20},"end":{"line":239,"column":68}},"37":{"start":{"line":240,"column":16},"end":{"line":240,"column":56}},"38":{"start":{"line":241,"column":17},"end":{"line":241,"column":59}},"39":{"start":{"line":242,"column":22},"end":{"line":242,"column":74}},"40":{"start":{"line":243,"column":25},"end":{"line":243,"column":83}},"41":{"start":{"line":244,"column":22},"end":{"line":244,"column":107}},"42":{"start":{"line":247,"column":0},"end":{"line":259,"column":2}}},"fnMap":{},"branchMap":{"0":{"loc":{"start":{"line":244,"column":22},"end":{"line":244,"column":107}},"type":"binary-expr","locations":[{"start":{"line":244,"column":22},"end":{"line":244,"column":51}},{"start":{"line":244,"column":55},"end":{"line":244,"column":107}}],"line":244}},"s":{"0":2,"1":2,"2":2,"3":2,"4":2,"5":2,"6":2,"7":2,"8":2,"9":2,"10":2,"11":2,"12":2,"13":2,"14":2,"15":2,"16":2,"17":2,"18":2,"19":2,"20":2,"21":2,"22":2,"23":2,"24":2,"25":2,"26":2,"27":2,"28":2,"29":2,"30":2,"31":2,"32":2,"33":2,"34":2,"35":2,"36":2,"37":2,"38":2,"39":2,"40":2,"41":2,"42":2},"f":{},"b":{"0":[2,2]},"inputSourceMap":null,"_coverageSchema":"1a1c01bbd47fc00a2c39e90264f33305004495a9","hash":"4d933db335ea893eb3cd7045c4aa9472f5e0fea0"}
,"C:\\Users\\Colin\\Desktop\\Seneca\\PRJ\\travelwise-server\\routes\\flight\\index.js": {"path":"C:\\Users\\Colin\\Desktop\\Seneca\\PRJ\\travelwise-server\\routes\\flight\\index.js","statementMap":{"0":{"start":{"line":1,"column":16},"end":{"line":1,"column":34}},"1":{"start":{"line":2,"column":25},"end":{"line":2,"column":57}},"2":{"start":{"line":4,"column":15},"end":{"line":4,"column":31}},"3":{"start":{"line":8,"column":30},"end":{"line":8,"column":40}},"4":{"start":{"line":9,"column":4},"end":{"line":9,"column":73}},"5":{"start":{"line":9,"column":15},"end":{"line":9,"column":73}},"6":{"start":{"line":10,"column":4},"end":{"line":10,"column":51}},"7":{"start":{"line":10,"column":16},"end":{"line":10,"column":51}},"8":{"start":{"line":11,"column":4},"end":{"line":11,"column":16}},"9":{"start":{"line":15,"column":0},"end":{"line":42,"column":3}},"10":{"start":{"line":16,"column":4},"end":{"line":41,"column":5}},"11":{"start":{"line":17,"column":65},"end":{"line":17,"column":73}},"12":{"start":{"line":18,"column":24},"end":{"line":18,"column":26}},"13":{"start":{"line":19,"column":8},"end":{"line":19,"column":91}},"14":{"start":{"line":19,"column":40},"end":{"line":19,"column":91}},"15":{"start":{"line":20,"column":8},"end":{"line":20,"column":52}},"16":{"start":{"line":20,"column":19},"end":{"line":20,"column":52}},"17":{"start":{"line":21,"column":8},"end":{"line":21,"column":129}},"18":{"start":{"line":21,"column":71},"end":{"line":21,"column":129}},"19":{"start":{"line":22,"column":8},"end":{"line":22,"column":62}},"20":{"start":{"line":22,"column":24},"end":{"line":22,"column":62}},"21":{"start":{"line":23,"column":8},"end":{"line":23,"column":58}},"22":{"start":{"line":23,"column":22},"end":{"line":23,"column":58}},"23":{"start":{"line":24,"column":8},"end":{"line":24,"column":113}},"24":{"start":{"line":24,"column":28},"end":{"line":24,"column":113}},"25":{"start":{"line":26,"column":21},"end":{"line":26,"column":52}},"26":{"start":{"line":27,"column":8},"end":{"line":27,"column":92}},"27":{"start":{"line":27,"column":19},"end":{"line":27,"column":92}},"28":{"start":{"line":29,"column":23},"end":{"line":35,"column":10}},"29":{"start":{"line":36,"column":8},"end":{"line":36,"column":28}},"30":{"start":{"line":37,"column":8},"end":{"line":37,"column":69}},"31":{"start":{"line":39,"column":8},"end":{"line":39,"column":53}},"32":{"start":{"line":40,"column":8},"end":{"line":40,"column":88}},"33":{"start":{"line":45,"column":0},"end":{"line":96,"column":3}},"34":{"start":{"line":46,"column":4},"end":{"line":95,"column":5}},"35":{"start":{"line":47,"column":29},"end":{"line":47,"column":39}},"36":{"start":{"line":48,"column":153},"end":{"line":48,"column":161}},"37":{"start":{"line":50,"column":24},"end":{"line":50,"column":26}},"38":{"start":{"line":51,"column":8},"end":{"line":51,"column":91}},"39":{"start":{"line":51,"column":40},"end":{"line":51,"column":91}},"40":{"start":{"line":52,"column":8},"end":{"line":52,"column":72}},"41":{"start":{"line":52,"column":29},"end":{"line":52,"column":72}},"42":{"start":{"line":53,"column":8},"end":{"line":53,"column":66}},"43":{"start":{"line":53,"column":26},"end":{"line":53,"column":66}},"44":{"start":{"line":54,"column":8},"end":{"line":54,"column":78}},"45":{"start":{"line":54,"column":32},"end":{"line":54,"column":78}},"46":{"start":{"line":55,"column":8},"end":{"line":55,"column":72}},"47":{"start":{"line":55,"column":29},"end":{"line":55,"column":72}},"48":{"start":{"line":56,"column":8},"end":{"line":56,"column":74}},"49":{"start":{"line":56,"column":30},"end":{"line":56,"column":74}},"50":{"start":{"line":57,"column":8},"end":{"line":57,"column":68}},"51":{"start":{"line":57,"column":27},"end":{"line":57,"column":68}},"52":{"start":{"line":58,"column":8},"end":{"line":58,"column":85}},"53":{"start":{"line":58,"column":51},"end":{"line":58,"column":85}},"54":{"start":{"line":59,"column":8},"end":{"line":59,"column":113}},"55":{"start":{"line":59,"column":28},"end":{"line":59,"column":113}},"56":{"start":{"line":61,"column":22},"end":{"line":61,"column":46}},"57":{"start":{"line":62,"column":20},"end":{"line":62,"column":41}},"58":{"start":{"line":63,"column":8},"end":{"line":63,"column":157}},"59":{"start":{"line":63,"column":26},"end":{"line":63,"column":157}},"60":{"start":{"line":64,"column":8},"end":{"line":64,"column":132}},"61":{"start":{"line":64,"column":23},"end":{"line":64,"column":132}},"62":{"start":{"line":66,"column":21},"end":{"line":66,"column":52}},"63":{"start":{"line":67,"column":8},"end":{"line":67,"column":92}},"64":{"start":{"line":67,"column":19},"end":{"line":67,"column":92}},"65":{"start":{"line":69,"column":26},"end":{"line":69,"column":83}},"66":{"start":{"line":70,"column":8},"end":{"line":70,"column":122}},"67":{"start":{"line":70,"column":24},"end":{"line":70,"column":122}},"68":{"start":{"line":72,"column":29},"end":{"line":85,"column":9}},"69":{"start":{"line":87,"column":24},"end":{"line":87,"column":125}},"70":{"start":{"line":88,"column":8},"end":{"line":88,"column":108}},"71":{"start":{"line":88,"column":22},"end":{"line":88,"column":108}},"72":{"start":{"line":90,"column":22},"end":{"line":90,"column":65}},"73":{"start":{"line":91,"column":8},"end":{"line":91,"column":68}},"74":{"start":{"line":93,"column":8},"end":{"line":93,"column":58}},"75":{"start":{"line":94,"column":8},"end":{"line":94,"column":88}},"76":{"start":{"line":99,"column":0},"end":{"line":116,"column":3}},"77":{"start":{"line":100,"column":4},"end":{"line":115,"column":5}},"78":{"start":{"line":101,"column":29},"end":{"line":101,"column":39}},"79":{"start":{"line":102,"column":26},"end":{"line":102,"column":34}},"80":{"start":{"line":103,"column":8},"end":{"line":103,"column":165}},"81":{"start":{"line":103,"column":40},"end":{"line":103,"column":165}},"82":{"start":{"line":105,"column":21},"end":{"line":105,"column":52}},"83":{"start":{"line":106,"column":8},"end":{"line":106,"column":92}},"84":{"start":{"line":106,"column":19},"end":{"line":106,"column":92}},"85":{"start":{"line":108,"column":26},"end":{"line":108,"column":83}},"86":{"start":{"line":109,"column":8},"end":{"line":109,"column":99}},"87":{"start":{"line":109,"column":24},"end":{"line":109,"column":99}},"88":{"start":{"line":111,"column":8},"end":{"line":111,"column":86}},"89":{"start":{"line":113,"column":8},"end":{"line":113,"column":60}},"90":{"start":{"line":114,"column":8},"end":{"line":114,"column":88}},"91":{"start":{"line":119,"column":0},"end":{"line":158,"column":3}},"92":{"start":{"line":120,"column":4},"end":{"line":157,"column":5}},"93":{"start":{"line":121,"column":39},"end":{"line":121,"column":49}},"94":{"start":{"line":122,"column":153},"end":{"line":122,"column":161}},"95":{"start":{"line":123,"column":8},"end":{"line":123,"column":165}},"96":{"start":{"line":123,"column":40},"end":{"line":123,"column":165}},"97":{"start":{"line":126,"column":8},"end":{"line":130,"column":9}},"98":{"start":{"line":127,"column":26},"end":{"line":127,"column":50}},"99":{"start":{"line":128,"column":24},"end":{"line":128,"column":45}},"100":{"start":{"line":129,"column":12},"end":{"line":129,"column":161}},"101":{"start":{"line":129,"column":30},"end":{"line":129,"column":161}},"102":{"start":{"line":131,"column":8},"end":{"line":131,"column":173}},"103":{"start":{"line":131,"column":64},"end":{"line":131,"column":173}},"104":{"start":{"line":133,"column":21},"end":{"line":133,"column":52}},"105":{"start":{"line":134,"column":8},"end":{"line":134,"column":92}},"106":{"start":{"line":134,"column":19},"end":{"line":134,"column":92}},"107":{"start":{"line":136,"column":23},"end":{"line":136,"column":25}},"108":{"start":{"line":137,"column":8},"end":{"line":137,"column":90}},"109":{"start":{"line":137,"column":28},"end":{"line":137,"column":90}},"110":{"start":{"line":138,"column":8},"end":{"line":138,"column":81}},"111":{"start":{"line":138,"column":25},"end":{"line":138,"column":81}},"112":{"start":{"line":139,"column":8},"end":{"line":139,"column":89}},"113":{"start":{"line":139,"column":31},"end":{"line":139,"column":89}},"114":{"start":{"line":140,"column":8},"end":{"line":140,"column":80}},"115":{"start":{"line":140,"column":28},"end":{"line":140,"column":80}},"116":{"start":{"line":141,"column":8},"end":{"line":141,"column":83}},"117":{"start":{"line":141,"column":29},"end":{"line":141,"column":83}},"118":{"start":{"line":142,"column":8},"end":{"line":142,"column":74}},"119":{"start":{"line":142,"column":26},"end":{"line":142,"column":74}},"120":{"start":{"line":143,"column":8},"end":{"line":143,"column":83}},"121":{"start":{"line":143,"column":29},"end":{"line":143,"column":83}},"122":{"start":{"line":144,"column":8},"end":{"line":144,"column":85}},"123":{"start":{"line":144,"column":51},"end":{"line":144,"column":85}},"124":{"start":{"line":145,"column":8},"end":{"line":145,"column":56}},"125":{"start":{"line":145,"column":20},"end":{"line":145,"column":56}},"126":{"start":{"line":146,"column":8},"end":{"line":146,"column":51}},"127":{"start":{"line":148,"column":8},"end":{"line":148,"column":166}},"128":{"start":{"line":148,"column":46},"end":{"line":148,"column":166}},"129":{"start":{"line":150,"column":23},"end":{"line":150,"column":147}},"130":{"start":{"line":151,"column":8},"end":{"line":151,"column":113}},"131":{"start":{"line":151,"column":21},"end":{"line":151,"column":113}},"132":{"start":{"line":152,"column":30},"end":{"line":152,"column":57}},"133":{"start":{"line":153,"column":8},"end":{"line":153,"column":76}},"134":{"start":{"line":155,"column":8},"end":{"line":155,"column":60}},"135":{"start":{"line":156,"column":8},"end":{"line":156,"column":88}},"136":{"start":{"line":161,"column":0},"end":{"line":177,"column":3}},"137":{"start":{"line":162,"column":4},"end":{"line":176,"column":5}},"138":{"start":{"line":163,"column":39},"end":{"line":163,"column":49}},"139":{"start":{"line":164,"column":26},"end":{"line":164,"column":34}},"140":{"start":{"line":165,"column":8},"end":{"line":165,"column":165}},"141":{"start":{"line":165,"column":40},"end":{"line":165,"column":165}},"142":{"start":{"line":167,"column":21},"end":{"line":167,"column":52}},"143":{"start":{"line":168,"column":8},"end":{"line":168,"column":92}},"144":{"start":{"line":168,"column":19},"end":{"line":168,"column":92}},"145":{"start":{"line":170,"column":24},"end":{"line":170,"column":148}},"146":{"start":{"line":171,"column":8},"end":{"line":171,"column":114}},"147":{"start":{"line":171,"column":22},"end":{"line":171,"column":114}},"148":{"start":{"line":172,"column":8},"end":{"line":172,"column":102}},"149":{"start":{"line":174,"column":8},"end":{"line":174,"column":60}},"150":{"start":{"line":175,"column":8},"end":{"line":175,"column":88}},"151":{"start":{"line":179,"column":0},"end":{"line":179,"column":24}}},"fnMap":{"0":{"name":"getUserFromBody","decl":{"start":{"line":7,"column":15},"end":{"line":7,"column":30}},"loc":{"start":{"line":7,"column":37},"end":{"line":12,"column":1}},"line":7},"1":{"name":"(anonymous_1)","decl":{"start":{"line":15,"column":17},"end":{"line":15,"column":18}},"loc":{"start":{"line":15,"column":37},"end":{"line":42,"column":1}},"line":15},"2":{"name":"(anonymous_2)","decl":{"start":{"line":45,"column":34},"end":{"line":45,"column":35}},"loc":{"start":{"line":45,"column":54},"end":{"line":96,"column":1}},"line":45},"3":{"name":"(anonymous_3)","decl":{"start":{"line":99,"column":39},"end":{"line":99,"column":40}},"loc":{"start":{"line":99,"column":59},"end":{"line":116,"column":1}},"line":99},"4":{"name":"(anonymous_4)","decl":{"start":{"line":119,"column":51},"end":{"line":119,"column":52}},"loc":{"start":{"line":119,"column":71},"end":{"line":158,"column":1}},"line":119},"5":{"name":"(anonymous_5)","decl":{"start":{"line":161,"column":51},"end":{"line":161,"column":52}},"loc":{"start":{"line":161,"column":71},"end":{"line":177,"column":1}},"line":161}},"branchMap":{"0":{"loc":{"start":{"line":8,"column":30},"end":{"line":8,"column":40}},"type":"binary-expr","locations":[{"start":{"line":8,"column":30},"end":{"line":8,"column":34}},{"start":{"line":8,"column":38},"end":{"line":8,"column":40}}],"line":8},"1":{"loc":{"start":{"line":9,"column":4},"end":{"line":9,"column":73}},"type":"if","locations":[{"start":{"line":9,"column":4},"end":{"line":9,"column":73}},{"start":{},"end":{}}],"line":9},"2":{"loc":{"start":{"line":10,"column":4},"end":{"line":10,"column":51}},"type":"if","locations":[{"start":{"line":10,"column":4},"end":{"line":10,"column":51}},{"start":{},"end":{}}],"line":10},"3":{"loc":{"start":{"line":19,"column":8},"end":{"line":19,"column":91}},"type":"if","locations":[{"start":{"line":19,"column":8},"end":{"line":19,"column":91}},{"start":{},"end":{}}],"line":19},"4":{"loc":{"start":{"line":19,"column":12},"end":{"line":19,"column":38}},"type":"binary-expr","locations":[{"start":{"line":19,"column":12},"end":{"line":19,"column":18}},{"start":{"line":19,"column":22},"end":{"line":19,"column":38}}],"line":19},"5":{"loc":{"start":{"line":20,"column":8},"end":{"line":20,"column":52}},"type":"if","locations":[{"start":{"line":20,"column":8},"end":{"line":20,"column":52}},{"start":{},"end":{}}],"line":20},"6":{"loc":{"start":{"line":21,"column":8},"end":{"line":21,"column":129}},"type":"if","locations":[{"start":{"line":21,"column":8},"end":{"line":21,"column":129}},{"start":{},"end":{}}],"line":21},"7":{"loc":{"start":{"line":21,"column":12},"end":{"line":21,"column":69}},"type":"binary-expr","locations":[{"start":{"line":21,"column":12},"end":{"line":21,"column":24}},{"start":{"line":21,"column":28},"end":{"line":21,"column":48}},{"start":{"line":21,"column":52},"end":{"line":21,"column":69}}],"line":21},"8":{"loc":{"start":{"line":22,"column":8},"end":{"line":22,"column":62}},"type":"if","locations":[{"start":{"line":22,"column":8},"end":{"line":22,"column":62}},{"start":{},"end":{}}],"line":22},"9":{"loc":{"start":{"line":23,"column":8},"end":{"line":23,"column":58}},"type":"if","locations":[{"start":{"line":23,"column":8},"end":{"line":23,"column":58}},{"start":{},"end":{}}],"line":23},"10":{"loc":{"start":{"line":24,"column":8},"end":{"line":24,"column":113}},"type":"if","locations":[{"start":{"line":24,"column":8},"end":{"line":24,"column":113}},{"start":{},"end":{}}],"line":24},"11":{"loc":{"start":{"line":27,"column":8},"end":{"line":27,"column":92}},"type":"if","locations":[{"start":{"line":27,"column":8},"end":{"line":27,"column":92}},{"start":{},"end":{}}],"line":27},"12":{"loc":{"start":{"line":51,"column":8},"end":{"line":51,"column":91}},"type":"if","locations":[{"start":{"line":51,"column":8},"end":{"line":51,"column":91}},{"start":{},"end":{}}],"line":51},"13":{"loc":{"start":{"line":51,"column":12},"end":{"line":51,"column":38}},"type":"binary-expr","locations":[{"start":{"line":51,"column":12},"end":{"line":51,"column":18}},{"start":{"line":51,"column":22},"end":{"line":51,"column":38}}],"line":51},"14":{"loc":{"start":{"line":52,"column":8},"end":{"line":52,"column":72}},"type":"if","locations":[{"start":{"line":52,"column":8},"end":{"line":52,"column":72}},{"start":{},"end":{}}],"line":52},"15":{"loc":{"start":{"line":53,"column":8},"end":{"line":53,"column":66}},"type":"if","locations":[{"start":{"line":53,"column":8},"end":{"line":53,"column":66}},{"start":{},"end":{}}],"line":53},"16":{"loc":{"start":{"line":54,"column":8},"end":{"line":54,"column":78}},"type":"if","locations":[{"start":{"line":54,"column":8},"end":{"line":54,"column":78}},{"start":{},"end":{}}],"line":54},"17":{"loc":{"start":{"line":55,"column":8},"end":{"line":55,"column":72}},"type":"if","locations":[{"start":{"line":55,"column":8},"end":{"line":55,"column":72}},{"start":{},"end":{}}],"line":55},"18":{"loc":{"start":{"line":56,"column":8},"end":{"line":56,"column":74}},"type":"if","locations":[{"start":{"line":56,"column":8},"end":{"line":56,"column":74}},{"start":{},"end":{}}],"line":56},"19":{"loc":{"start":{"line":57,"column":8},"end":{"line":57,"column":68}},"type":"if","locations":[{"start":{"line":57,"column":8},"end":{"line":57,"column":68}},{"start":{},"end":{}}],"line":57},"20":{"loc":{"start":{"line":58,"column":8},"end":{"line":58,"column":85}},"type":"if","locations":[{"start":{"line":58,"column":8},"end":{"line":58,"column":85}},{"start":{},"end":{}}],"line":58},"21":{"loc":{"start":{"line":58,"column":12},"end":{"line":58,"column":49}},"type":"binary-expr","locations":[{"start":{"line":58,"column":12},"end":{"line":58,"column":31}},{"start":{"line":58,"column":35},"end":{"line":58,"column":49}}],"line":58},"22":{"loc":{"start":{"line":59,"column":8},"end":{"line":59,"column":113}},"type":"if","locations":[{"start":{"line":59,"column":8},"end":{"line":59,"column":113}},{"start":{},"end":{}}],"line":59},"23":{"loc":{"start":{"line":63,"column":8},"end":{"line":63,"column":157}},"type":"if","locations":[{"start":{"line":63,"column":8},"end":{"line":63,"column":157}},{"start":{},"end":{}}],"line":63},"24":{"loc":{"start":{"line":64,"column":8},"end":{"line":64,"column":132}},"type":"if","locations":[{"start":{"line":64,"column":8},"end":{"line":64,"column":132}},{"start":{},"end":{}}],"line":64},"25":{"loc":{"start":{"line":67,"column":8},"end":{"line":67,"column":92}},"type":"if","locations":[{"start":{"line":67,"column":8},"end":{"line":67,"column":92}},{"start":{},"end":{}}],"line":67},"26":{"loc":{"start":{"line":70,"column":8},"end":{"line":70,"column":122}},"type":"if","locations":[{"start":{"line":70,"column":8},"end":{"line":70,"column":122}},{"start":{},"end":{}}],"line":70},"27":{"loc":{"start":{"line":82,"column":20},"end":{"line":82,"column":38}},"type":"binary-expr","locations":[{"start":{"line":82,"column":20},"end":{"line":82,"column":26}},{"start":{"line":82,"column":30},"end":{"line":82,"column":38}}],"line":82},"28":{"loc":{"start":{"line":88,"column":8},"end":{"line":88,"column":108}},"type":"if","locations":[{"start":{"line":88,"column":8},"end":{"line":88,"column":108}},{"start":{},"end":{}}],"line":88},"29":{"loc":{"start":{"line":103,"column":8},"end":{"line":103,"column":165}},"type":"if","locations":[{"start":{"line":103,"column":8},"end":{"line":103,"column":165}},{"start":{},"end":{}}],"line":103},"30":{"loc":{"start":{"line":103,"column":12},"end":{"line":103,"column":38}},"type":"binary-expr","locations":[{"start":{"line":103,"column":12},"end":{"line":103,"column":18}},{"start":{"line":103,"column":22},"end":{"line":103,"column":38}}],"line":103},"31":{"loc":{"start":{"line":106,"column":8},"end":{"line":106,"column":92}},"type":"if","locations":[{"start":{"line":106,"column":8},"end":{"line":106,"column":92}},{"start":{},"end":{}}],"line":106},"32":{"loc":{"start":{"line":109,"column":8},"end":{"line":109,"column":99}},"type":"if","locations":[{"start":{"line":109,"column":8},"end":{"line":109,"column":99}},{"start":{},"end":{}}],"line":109},"33":{"loc":{"start":{"line":111,"column":59},"end":{"line":111,"column":82}},"type":"binary-expr","locations":[{"start":{"line":111,"column":59},"end":{"line":111,"column":76}},{"start":{"line":111,"column":80},"end":{"line":111,"column":82}}],"line":111},"34":{"loc":{"start":{"line":123,"column":8},"end":{"line":123,"column":165}},"type":"if","locations":[{"start":{"line":123,"column":8},"end":{"line":123,"column":165}},{"start":{},"end":{}}],"line":123},"35":{"loc":{"start":{"line":123,"column":12},"end":{"line":123,"column":38}},"type":"binary-expr","locations":[{"start":{"line":123,"column":12},"end":{"line":123,"column":18}},{"start":{"line":123,"column":22},"end":{"line":123,"column":38}}],"line":123},"36":{"loc":{"start":{"line":126,"column":8},"end":{"line":130,"column":9}},"type":"if","locations":[{"start":{"line":126,"column":8},"end":{"line":130,"column":9}},{"start":{},"end":{}}],"line":126},"37":{"loc":{"start":{"line":126,"column":12},"end":{"line":126,"column":41}},"type":"binary-expr","locations":[{"start":{"line":126,"column":12},"end":{"line":126,"column":26}},{"start":{"line":126,"column":30},"end":{"line":126,"column":41}}],"line":126},"38":{"loc":{"start":{"line":129,"column":12},"end":{"line":129,"column":161}},"type":"if","locations":[{"start":{"line":129,"column":12},"end":{"line":129,"column":161}},{"start":{},"end":{}}],"line":129},"39":{"loc":{"start":{"line":131,"column":8},"end":{"line":131,"column":173}},"type":"if","locations":[{"start":{"line":131,"column":8},"end":{"line":131,"column":173}},{"start":{},"end":{}}],"line":131},"40":{"loc":{"start":{"line":131,"column":12},"end":{"line":131,"column":62}},"type":"binary-expr","locations":[{"start":{"line":131,"column":12},"end":{"line":131,"column":31}},{"start":{"line":131,"column":35},"end":{"line":131,"column":49}},{"start":{"line":131,"column":53},"end":{"line":131,"column":62}}],"line":131},"41":{"loc":{"start":{"line":134,"column":8},"end":{"line":134,"column":92}},"type":"if","locations":[{"start":{"line":134,"column":8},"end":{"line":134,"column":92}},{"start":{},"end":{}}],"line":134},"42":{"loc":{"start":{"line":137,"column":8},"end":{"line":137,"column":90}},"type":"if","locations":[{"start":{"line":137,"column":8},"end":{"line":137,"column":90}},{"start":{},"end":{}}],"line":137},"43":{"loc":{"start":{"line":138,"column":8},"end":{"line":138,"column":81}},"type":"if","locations":[{"start":{"line":138,"column":8},"end":{"line":138,"column":81}},{"start":{},"end":{}}],"line":138},"44":{"loc":{"start":{"line":139,"column":8},"end":{"line":139,"column":89}},"type":"if","locations":[{"start":{"line":139,"column":8},"end":{"line":139,"column":89}},{"start":{},"end":{}}],"line":139},"45":{"loc":{"start":{"line":140,"column":8},"end":{"line":140,"column":80}},"type":"if","locations":[{"start":{"line":140,"column":8},"end":{"line":140,"column":80}},{"start":{},"end":{}}],"line":140},"46":{"loc":{"start":{"line":141,"column":8},"end":{"line":141,"column":83}},"type":"if","locations":[{"start":{"line":141,"column":8},"end":{"line":141,"column":83}},{"start":{},"end":{}}],"line":141},"47":{"loc":{"start":{"line":142,"column":8},"end":{"line":142,"column":74}},"type":"if","locations":[{"start":{"line":142,"column":8},"end":{"line":142,"column":74}},{"start":{},"end":{}}],"line":142},"48":{"loc":{"start":{"line":143,"column":8},"end":{"line":143,"column":83}},"type":"if","locations":[{"start":{"line":143,"column":8},"end":{"line":143,"column":83}},{"start":{},"end":{}}],"line":143},"49":{"loc":{"start":{"line":144,"column":8},"end":{"line":144,"column":85}},"type":"if","locations":[{"start":{"line":144,"column":8},"end":{"line":144,"column":85}},{"start":{},"end":{}}],"line":144},"50":{"loc":{"start":{"line":144,"column":12},"end":{"line":144,"column":49}},"type":"binary-expr","locations":[{"start":{"line":144,"column":12},"end":{"line":144,"column":31}},{"start":{"line":144,"column":35},"end":{"line":144,"column":49}}],"line":144},"51":{"loc":{"start":{"line":145,"column":8},"end":{"line":145,"column":56}},"type":"if","locations":[{"start":{"line":145,"column":8},"end":{"line":145,"column":56}},{"start":{},"end":{}}],"line":145},"52":{"loc":{"start":{"line":148,"column":8},"end":{"line":148,"column":166}},"type":"if","locations":[{"start":{"line":148,"column":8},"end":{"line":148,"column":166}},{"start":{},"end":{}}],"line":148},"53":{"loc":{"start":{"line":151,"column":8},"end":{"line":151,"column":113}},"type":"if","locations":[{"start":{"line":151,"column":8},"end":{"line":151,"column":113}},{"start":{},"end":{}}],"line":151},"54":{"loc":{"start":{"line":165,"column":8},"end":{"line":165,"column":165}},"type":"if","locations":[{"start":{"line":165,"column":8},"end":{"line":165,"column":165}},{"start":{},"end":{}}],"line":165},"55":{"loc":{"start":{"line":165,"column":12},"end":{"line":165,"column":38}},"type":"binary-expr","locations":[{"start":{"line":165,"column":12},"end":{"line":165,"column":18}},{"start":{"line":165,"column":22},"end":{"line":165,"column":38}}],"line":165},"56":{"loc":{"start":{"line":168,"column":8},"end":{"line":168,"column":92}},"type":"if","locations":[{"start":{"line":168,"column":8},"end":{"line":168,"column":92}},{"start":{},"end":{}}],"line":168},"57":{"loc":{"start":{"line":171,"column":8},"end":{"line":171,"column":114}},"type":"if","locations":[{"start":{"line":171,"column":8},"end":{"line":171,"column":114}},{"start":{},"end":{}}],"line":171}},"s":{"0":1,"1":1,"2":1,"3":1,"4":1,"5":1,"6":0,"7":0,"8":0,"9":1,"10":0,"11":0,"12":0,"13":0,"14":0,"15":0,"16":0,"17":0,"18":0,"19":0,"20":0,"21":0,"22":0,"23":0,"24":0,"25":0,"26":0,"27":0,"28":0,"29":0,"30":0,"31":0,"32":0,"33":1,"34":1,"35":1,"36":1,"37":1,"38":1,"39":0,"40":1,"41":0,"42":1,"43":0,"44":1,"45":0,"46":1,"47":0,"48":1,"49":0,"50":1,"51":0,"52":1,"53":0,"54":1,"55":0,"56":1,"57":1,"58":1,"59":0,"60":1,"61":0,"62":1,"63":1,"64":1,"65":0,"66":0,"67":0,"68":0,"69":0,"70":0,"71":0,"72":0,"73":0,"74":0,"75":0,"76":1,"77":0,"78":0,"79":0,"80":0,"81":0,"82":0,"83":0,"84":0,"85":0,"86":0,"87":0,"88":0,"89":0,"90":0,"91":1,"92":0,"93":0,"94":0,"95":0,"96":0,"97":0,"98":0,"99":0,"100":0,"101":0,"102":0,"103":0,"104":0,"105":0,"106":0,"107":0,"108":0,"109":0,"110":0,"111":0,"112":0,"113":0,"114":0,"115":0,"116":0,"117":0,"118":0,"119":0,"120":0,"121":0,"122":0,"123":0,"124":0,"125":0,"126":0,"127":0,"128":0,"129":0,"130":0,"131":0,"132":0,"133":0,"134":0,"135":0,"136":1,"137":0,"138":0,"139":0,"140":0,"141":0,"142":0,"143":0,"144":0,"145":0,"146":0,"147":0,"148":0,"149":0,"150":0,"151":1},"f":{"0":1,"1":0,"2":1,"3":0,"4":0,"5":0},"b":{"0":[1,0],"1":[1,0],"2":[0,0],"3":[0,0],"4":[0,0],"5":[0,0],"6":[0,0],"7":[0,0,0],"8":[0,0],"9":[0,0],"10":[0,0],"11":[0,0],"12":[0,1],"13":[1,0],"14":[0,1],"15":[0,1],"16":[0,1],"17":[0,1],"18":[0,1],"19":[0,1],"20":[0,1],"21":[1,1],"22":[0,1],"23":[0,1],"24":[0,1],"25":[1,0],"26":[0,0],"27":[0,0],"28":[0,0],"29":[0,0],"30":[0,0],"31":[0,0],"32":[0,0],"33":[0,0],"34":[0,0],"35":[0,0],"36":[0,0],"37":[0,0],"38":[0,0],"39":[0,0],"40":[0,0,0],"41":[0,0],"42":[0,0],"43":[0,0],"44":[0,0],"45":[0,0],"46":[0,0],"47":[0,0],"48":[0,0],"49":[0,0],"50":[0,0],"51":[0,0],"52":[0,0],"53":[0,0],"54":[0,0],"55":[0,0],"56":[0,0],"57":[0,0]},"inputSourceMap":null,"_coverageSchema":"1a1c01bbd47fc00a2c39e90264f33305004495a9","hash":"43588a699bb2be30ae8379e436e5313f985c7198"}
,"C:\\Users\\Colin\\Desktop\\Seneca\\PRJ\\travelwise-server\\routes\\itinerary\\index.js": {"path":"C:\\Users\\Colin\\Desktop\\Seneca\\PRJ\\travelwise-server\\routes\\itinerary\\index.js","statementMap":{"0":{"start":{"line":1,"column":16},"end":{"line":1,"column":34}},"1":{"start":{"line":2,"column":32},"end":{"line":2,"column":64}},"2":{"start":{"line":4,"column":15},"end":{"line":4,"column":31}},"3":{"start":{"line":7,"column":0},"end":{"line":41,"column":3}},"4":{"start":{"line":8,"column":4},"end":{"line":40,"column":5}},"5":{"start":{"line":9,"column":26},"end":{"line":9,"column":34}},"6":{"start":{"line":11,"column":8},"end":{"line":17,"column":9}},"7":{"start":{"line":12,"column":12},"end":{"line":16,"column":15}},"8":{"start":{"line":19,"column":21},"end":{"line":19,"column":71}},"9":{"start":{"line":20,"column":8},"end":{"line":25,"column":9}},"10":{"start":{"line":21,"column":12},"end":{"line":24,"column":15}},"11":{"start":{"line":27,"column":28},"end":{"line":27,"column":75}},"12":{"start":{"line":29,"column":8},"end":{"line":32,"column":11}},"13":{"start":{"line":35,"column":8},"end":{"line":35,"column":60}},"14":{"start":{"line":36,"column":8},"end":{"line":39,"column":11}},"15":{"start":{"line":44,"column":0},"end":{"line":78,"column":3}},"16":{"start":{"line":45,"column":4},"end":{"line":77,"column":5}},"17":{"start":{"line":46,"column":26},"end":{"line":46,"column":34}},"18":{"start":{"line":48,"column":8},"end":{"line":54,"column":9}},"19":{"start":{"line":49,"column":12},"end":{"line":53,"column":15}},"20":{"start":{"line":56,"column":21},"end":{"line":56,"column":71}},"21":{"start":{"line":57,"column":8},"end":{"line":62,"column":9}},"22":{"start":{"line":58,"column":12},"end":{"line":61,"column":15}},"23":{"start":{"line":64,"column":28},"end":{"line":64,"column":75}},"24":{"start":{"line":66,"column":8},"end":{"line":69,"column":11}},"25":{"start":{"line":72,"column":8},"end":{"line":72,"column":59}},"26":{"start":{"line":73,"column":8},"end":{"line":76,"column":11}},"27":{"start":{"line":81,"column":0},"end":{"line":147,"column":3}},"28":{"start":{"line":82,"column":4},"end":{"line":146,"column":5}},"29":{"start":{"line":83,"column":107},"end":{"line":83,"column":115}},"30":{"start":{"line":85,"column":8},"end":{"line":98,"column":9}},"31":{"start":{"line":86,"column":28},"end":{"line":86,"column":30}},"32":{"start":{"line":87,"column":12},"end":{"line":87,"column":58}},"33":{"start":{"line":87,"column":24},"end":{"line":87,"column":58}},"34":{"start":{"line":88,"column":12},"end":{"line":88,"column":58}},"35":{"start":{"line":88,"column":24},"end":{"line":88,"column":58}},"36":{"start":{"line":89,"column":12},"end":{"line":89,"column":68}},"37":{"start":{"line":89,"column":29},"end":{"line":89,"column":68}},"38":{"start":{"line":90,"column":12},"end":{"line":90,"column":64}},"39":{"start":{"line":90,"column":27},"end":{"line":90,"column":64}},"40":{"start":{"line":91,"column":12},"end":{"line":91,"column":62}},"41":{"start":{"line":91,"column":26},"end":{"line":91,"column":62}},"42":{"start":{"line":92,"column":12},"end":{"line":92,"column":56}},"43":{"start":{"line":92,"column":23},"end":{"line":92,"column":56}},"44":{"start":{"line":93,"column":12},"end":{"line":97,"column":15}},"45":{"start":{"line":101,"column":22},"end":{"line":101,"column":42}},"46":{"start":{"line":102,"column":20},"end":{"line":102,"column":38}},"47":{"start":{"line":103,"column":8},"end":{"line":109,"column":9}},"48":{"start":{"line":104,"column":12},"end":{"line":108,"column":15}},"49":{"start":{"line":111,"column":21},"end":{"line":111,"column":71}},"50":{"start":{"line":112,"column":8},"end":{"line":117,"column":9}},"51":{"start":{"line":113,"column":12},"end":{"line":116,"column":15}},"52":{"start":{"line":119,"column":29},"end":{"line":131,"column":10}},"53":{"start":{"line":133,"column":8},"end":{"line":133,"column":34}},"54":{"start":{"line":135,"column":8},"end":{"line":138,"column":11}},"55":{"start":{"line":141,"column":8},"end":{"line":141,"column":58}},"56":{"start":{"line":142,"column":8},"end":{"line":145,"column":11}},"57":{"start":{"line":150,"column":0},"end":{"line":192,"column":3}},"58":{"start":{"line":151,"column":4},"end":{"line":191,"column":5}},"59":{"start":{"line":152,"column":23},"end":{"line":152,"column":33}},"60":{"start":{"line":153,"column":26},"end":{"line":153,"column":34}},"61":{"start":{"line":155,"column":8},"end":{"line":161,"column":9}},"62":{"start":{"line":156,"column":12},"end":{"line":160,"column":15}},"63":{"start":{"line":163,"column":21},"end":{"line":163,"column":71}},"64":{"start":{"line":164,"column":8},"end":{"line":169,"column":9}},"65":{"start":{"line":165,"column":12},"end":{"line":168,"column":15}},"66":{"start":{"line":171,"column":26},"end":{"line":171,"column":85}},"67":{"start":{"line":173,"column":8},"end":{"line":178,"column":9}},"68":{"start":{"line":174,"column":12},"end":{"line":177,"column":15}},"69":{"start":{"line":180,"column":8},"end":{"line":183,"column":11}},"70":{"start":{"line":186,"column":8},"end":{"line":186,"column":58}},"71":{"start":{"line":187,"column":8},"end":{"line":190,"column":11}},"72":{"start":{"line":195,"column":0},"end":{"line":265,"column":3}},"73":{"start":{"line":196,"column":4},"end":{"line":264,"column":5}},"74":{"start":{"line":197,"column":23},"end":{"line":197,"column":33}},"75":{"start":{"line":198,"column":107},"end":{"line":198,"column":115}},"76":{"start":{"line":200,"column":8},"end":{"line":206,"column":9}},"77":{"start":{"line":201,"column":12},"end":{"line":205,"column":15}},"78":{"start":{"line":209,"column":8},"end":{"line":219,"column":9}},"79":{"start":{"line":210,"column":26},"end":{"line":210,"column":46}},"80":{"start":{"line":211,"column":24},"end":{"line":211,"column":42}},"81":{"start":{"line":212,"column":12},"end":{"line":218,"column":13}},"82":{"start":{"line":213,"column":16},"end":{"line":217,"column":19}},"83":{"start":{"line":221,"column":21},"end":{"line":221,"column":71}},"84":{"start":{"line":222,"column":8},"end":{"line":227,"column":9}},"85":{"start":{"line":223,"column":12},"end":{"line":226,"column":15}},"86":{"start":{"line":229,"column":33},"end":{"line":244,"column":9}},"87":{"start":{"line":246,"column":8},"end":{"line":251,"column":9}},"88":{"start":{"line":247,"column":12},"end":{"line":250,"column":15}},"89":{"start":{"line":253,"column":8},"end":{"line":256,"column":11}},"90":{"start":{"line":259,"column":8},"end":{"line":259,"column":58}},"91":{"start":{"line":260,"column":8},"end":{"line":263,"column":11}},"92":{"start":{"line":268,"column":0},"end":{"line":310,"column":3}},"93":{"start":{"line":269,"column":4},"end":{"line":309,"column":5}},"94":{"start":{"line":270,"column":23},"end":{"line":270,"column":33}},"95":{"start":{"line":271,"column":26},"end":{"line":271,"column":34}},"96":{"start":{"line":273,"column":8},"end":{"line":279,"column":9}},"97":{"start":{"line":274,"column":12},"end":{"line":278,"column":15}},"98":{"start":{"line":281,"column":21},"end":{"line":281,"column":71}},"99":{"start":{"line":282,"column":8},"end":{"line":287,"column":9}},"100":{"start":{"line":283,"column":12},"end":{"line":286,"column":15}},"101":{"start":{"line":289,"column":33},"end":{"line":289,"column":101}},"102":{"start":{"line":291,"column":8},"end":{"line":296,"column":9}},"103":{"start":{"line":292,"column":12},"end":{"line":295,"column":15}},"104":{"start":{"line":298,"column":8},"end":{"line":301,"column":11}},"105":{"start":{"line":304,"column":8},"end":{"line":304,"column":58}},"106":{"start":{"line":305,"column":8},"end":{"line":308,"column":11}},"107":{"start":{"line":312,"column":0},"end":{"line":312,"column":24}}},"fnMap":{"0":{"name":"(anonymous_0)","decl":{"start":{"line":7,"column":16},"end":{"line":7,"column":17}},"loc":{"start":{"line":7,"column":36},"end":{"line":41,"column":1}},"line":7},"1":{"name":"(anonymous_1)","decl":{"start":{"line":44,"column":21},"end":{"line":44,"column":22}},"loc":{"start":{"line":44,"column":41},"end":{"line":78,"column":1}},"line":44},"2":{"name":"(anonymous_2)","decl":{"start":{"line":81,"column":17},"end":{"line":81,"column":18}},"loc":{"start":{"line":81,"column":37},"end":{"line":147,"column":1}},"line":81},"3":{"name":"(anonymous_3)","decl":{"start":{"line":150,"column":24},"end":{"line":150,"column":25}},"loc":{"start":{"line":150,"column":44},"end":{"line":192,"column":1}},"line":150},"4":{"name":"(anonymous_4)","decl":{"start":{"line":195,"column":27},"end":{"line":195,"column":28}},"loc":{"start":{"line":195,"column":47},"end":{"line":265,"column":1}},"line":195},"5":{"name":"(anonymous_5)","decl":{"start":{"line":268,"column":27},"end":{"line":268,"column":28}},"loc":{"start":{"line":268,"column":47},"end":{"line":310,"column":1}},"line":268}},"branchMap":{"0":{"loc":{"start":{"line":11,"column":8},"end":{"line":17,"column":9}},"type":"if","locations":[{"start":{"line":11,"column":8},"end":{"line":17,"column":9}},{"start":{},"end":{}}],"line":11},"1":{"loc":{"start":{"line":20,"column":8},"end":{"line":25,"column":9}},"type":"if","locations":[{"start":{"line":20,"column":8},"end":{"line":25,"column":9}},{"start":{},"end":{}}],"line":20},"2":{"loc":{"start":{"line":48,"column":8},"end":{"line":54,"column":9}},"type":"if","locations":[{"start":{"line":48,"column":8},"end":{"line":54,"column":9}},{"start":{},"end":{}}],"line":48},"3":{"loc":{"start":{"line":57,"column":8},"end":{"line":62,"column":9}},"type":"if","locations":[{"start":{"line":57,"column":8},"end":{"line":62,"column":9}},{"start":{},"end":{}}],"line":57},"4":{"loc":{"start":{"line":85,"column":8},"end":{"line":98,"column":9}},"type":"if","locations":[{"start":{"line":85,"column":8},"end":{"line":98,"column":9}},{"start":{},"end":{}}],"line":85},"5":{"loc":{"start":{"line":85,"column":12},"end":{"line":85,"column":77}},"type":"binary-expr","locations":[{"start":{"line":85,"column":12},"end":{"line":85,"column":18}},{"start":{"line":85,"column":22},"end":{"line":85,"column":28}},{"start":{"line":85,"column":32},"end":{"line":85,"column":43}},{"start":{"line":85,"column":47},"end":{"line":85,"column":56}},{"start":{"line":85,"column":60},"end":{"line":85,"column":68}},{"start":{"line":85,"column":72},"end":{"line":85,"column":77}}],"line":85},"6":{"loc":{"start":{"line":87,"column":12},"end":{"line":87,"column":58}},"type":"if","locations":[{"start":{"line":87,"column":12},"end":{"line":87,"column":58}},{"start":{},"end":{}}],"line":87},"7":{"loc":{"start":{"line":88,"column":12},"end":{"line":88,"column":58}},"type":"if","locations":[{"start":{"line":88,"column":12},"end":{"line":88,"column":58}},{"start":{},"end":{}}],"line":88},"8":{"loc":{"start":{"line":89,"column":12},"end":{"line":89,"column":68}},"type":"if","locations":[{"start":{"line":89,"column":12},"end":{"line":89,"column":68}},{"start":{},"end":{}}],"line":89},"9":{"loc":{"start":{"line":90,"column":12},"end":{"line":90,"column":64}},"type":"if","locations":[{"start":{"line":90,"column":12},"end":{"line":90,"column":64}},{"start":{},"end":{}}],"line":90},"10":{"loc":{"start":{"line":91,"column":12},"end":{"line":91,"column":62}},"type":"if","locations":[{"start":{"line":91,"column":12},"end":{"line":91,"column":62}},{"start":{},"end":{}}],"line":91},"11":{"loc":{"start":{"line":92,"column":12},"end":{"line":92,"column":56}},"type":"if","locations":[{"start":{"line":92,"column":12},"end":{"line":92,"column":56}},{"start":{},"end":{}}],"line":92},"12":{"loc":{"start":{"line":103,"column":8},"end":{"line":109,"column":9}},"type":"if","locations":[{"start":{"line":103,"column":8},"end":{"line":109,"column":9}},{"start":{},"end":{}}],"line":103},"13":{"loc":{"start":{"line":112,"column":8},"end":{"line":117,"column":9}},"type":"if","locations":[{"start":{"line":112,"column":8},"end":{"line":117,"column":9}},{"start":{},"end":{}}],"line":112},"14":{"loc":{"start":{"line":155,"column":8},"end":{"line":161,"column":9}},"type":"if","locations":[{"start":{"line":155,"column":8},"end":{"line":161,"column":9}},{"start":{},"end":{}}],"line":155},"15":{"loc":{"start":{"line":164,"column":8},"end":{"line":169,"column":9}},"type":"if","locations":[{"start":{"line":164,"column":8},"end":{"line":169,"column":9}},{"start":{},"end":{}}],"line":164},"16":{"loc":{"start":{"line":173,"column":8},"end":{"line":178,"column":9}},"type":"if","locations":[{"start":{"line":173,"column":8},"end":{"line":178,"column":9}},{"start":{},"end":{}}],"line":173},"17":{"loc":{"start":{"line":200,"column":8},"end":{"line":206,"column":9}},"type":"if","locations":[{"start":{"line":200,"column":8},"end":{"line":206,"column":9}},{"start":{},"end":{}}],"line":200},"18":{"loc":{"start":{"line":209,"column":8},"end":{"line":219,"column":9}},"type":"if","locations":[{"start":{"line":209,"column":8},"end":{"line":219,"column":9}},{"start":{},"end":{}}],"line":209},"19":{"loc":{"start":{"line":209,"column":12},"end":{"line":209,"column":34}},"type":"binary-expr","locations":[{"start":{"line":209,"column":12},"end":{"line":209,"column":22}},{"start":{"line":209,"column":26},"end":{"line":209,"column":34}}],"line":209},"20":{"loc":{"start":{"line":212,"column":12},"end":{"line":218,"column":13}},"type":"if","locations":[{"start":{"line":212,"column":12},"end":{"line":218,"column":13}},{"start":{},"end":{}}],"line":212},"21":{"loc":{"start":{"line":222,"column":8},"end":{"line":227,"column":9}},"type":"if","locations":[{"start":{"line":222,"column":8},"end":{"line":227,"column":9}},{"start":{},"end":{}}],"line":222},"22":{"loc":{"start":{"line":246,"column":8},"end":{"line":251,"column":9}},"type":"if","locations":[{"start":{"line":246,"column":8},"end":{"line":251,"column":9}},{"start":{},"end":{}}],"line":246},"23":{"loc":{"start":{"line":273,"column":8},"end":{"line":279,"column":9}},"type":"if","locations":[{"start":{"line":273,"column":8},"end":{"line":279,"column":9}},{"start":{},"end":{}}],"line":273},"24":{"loc":{"start":{"line":282,"column":8},"end":{"line":287,"column":9}},"type":"if","locations":[{"start":{"line":282,"column":8},"end":{"line":287,"column":9}},{"start":{},"end":{}}],"line":282},"25":{"loc":{"start":{"line":291,"column":8},"end":{"line":296,"column":9}},"type":"if","locations":[{"start":{"line":291,"column":8},"end":{"line":296,"column":9}},{"start":{},"end":{}}],"line":291}},"s":{"0":1,"1":1,"2":1,"3":1,"4":0,"5":0,"6":0,"7":0,"8":0,"9":0,"10":0,"11":0,"12":0,"13":0,"14":0,"15":1,"16":0,"17":0,"18":0,"19":0,"20":0,"21":0,"22":0,"23":0,"24":0,"25":0,"26":0,"27":1,"28":0,"29":0,"30":0,"31":0,"32":0,"33":0,"34":0,"35":0,"36":0,"37":0,"38":0,"39":0,"40":0,"41":0,"42":0,"43":0,"44":0,"45":0,"46":0,"47":0,"48":0,"49":0,"50":0,"51":0,"52":0,"53":0,"54":0,"55":0,"56":0,"57":1,"58":0,"59":0,"60":0,"61":0,"62":0,"63":0,"64":0,"65":0,"66":0,"67":0,"68":0,"69":0,"70":0,"71":0,"72":1,"73":0,"74":0,"75":0,"76":0,"77":0,"78":0,"79":0,"80":0,"81":0,"82":0,"83":0,"84":0,"85":0,"86":0,"87":0,"88":0,"89":0,"90":0,"91":0,"92":1,"93":0,"94":0,"95":0,"96":0,"97":0,"98":0,"99":0,"100":0,"101":0,"102":0,"103":0,"104":0,"105":0,"106":0,"107":1},"f":{"0":0,"1":0,"2":0,"3":0,"4":0,"5":0},"b":{"0":[0,0],"1":[0,0],"2":[0,0],"3":[0,0],"4":[0,0],"5":[0,0,0,0,0,0],"6":[0,0],"7":[0,0],"8":[0,0],"9":[0,0],"10":[0,0],"11":[0,0],"12":[0,0],"13":[0,0],"14":[0,0],"15":[0,0],"16":[0,0],"17":[0,0],"18":[0,0],"19":[0,0],"20":[0,0],"21":[0,0],"22":[0,0],"23":[0,0],"24":[0,0],"25":[0,0]},"inputSourceMap":null,"_coverageSchema":"1a1c01bbd47fc00a2c39e90264f33305004495a9","hash":"633fd4d036f4ab0beb6f929edcf6b7fb726c0c82"}
,"C:\\Users\\Colin\\Desktop\\Seneca\\PRJ\\travelwise-server\\routes\\login\\index.js": {"path":"C:\\Users\\Colin\\Desktop\\Seneca\\PRJ\\travelwise-server\\routes\\login\\index.js","statementMap":{"0":{"start":{"line":1,"column":16},"end":{"line":1,"column":34}},"1":{"start":{"line":2,"column":15},"end":{"line":2,"column":32}},"2":{"start":{"line":3,"column":17},"end":{"line":3,"column":49}},"3":{"start":{"line":4,"column":19},"end":{"line":4,"column":40}},"4":{"start":{"line":5,"column":0},"end":{"line":5,"column":27}},"5":{"start":{"line":7,"column":15},"end":{"line":7,"column":31}},"6":{"start":{"line":10,"column":0},"end":{"line":72,"column":3}},"7":{"start":{"line":11,"column":4},"end":{"line":71,"column":5}},"8":{"start":{"line":12,"column":36},"end":{"line":12,"column":44}},"9":{"start":{"line":15,"column":8},"end":{"line":25,"column":9}},"10":{"start":{"line":21,"column":12},"end":{"line":24,"column":15}},"11":{"start":{"line":28,"column":27},"end":{"line":28,"column":55}},"12":{"start":{"line":29,"column":8},"end":{"line":34,"column":9}},"13":{"start":{"line":30,"column":12},"end":{"line":33,"column":15}},"14":{"start":{"line":37,"column":21},"end":{"line":37,"column":71}},"15":{"start":{"line":38,"column":8},"end":{"line":43,"column":9}},"16":{"start":{"line":39,"column":12},"end":{"line":42,"column":15}},"17":{"start":{"line":46,"column":32},"end":{"line":46,"column":81}},"18":{"start":{"line":47,"column":8},"end":{"line":52,"column":9}},"19":{"start":{"line":48,"column":12},"end":{"line":51,"column":15}},"20":{"start":{"line":55,"column":8},"end":{"line":63,"column":11}},"21":{"start":{"line":66,"column":8},"end":{"line":66,"column":45}},"22":{"start":{"line":67,"column":8},"end":{"line":70,"column":11}},"23":{"start":{"line":77,"column":0},"end":{"line":152,"column":3}},"24":{"start":{"line":78,"column":4},"end":{"line":151,"column":5}},"25":{"start":{"line":79,"column":26},"end":{"line":79,"column":34}},"26":{"start":{"line":82,"column":8},"end":{"line":87,"column":9}},"27":{"start":{"line":83,"column":12},"end":{"line":86,"column":15}},"28":{"start":{"line":90,"column":27},"end":{"line":90,"column":55}},"29":{"start":{"line":91,"column":8},"end":{"line":96,"column":9}},"30":{"start":{"line":92,"column":12},"end":{"line":95,"column":15}},"31":{"start":{"line":99,"column":21},"end":{"line":99,"column":71}},"32":{"start":{"line":100,"column":8},"end":{"line":105,"column":9}},"33":{"start":{"line":101,"column":12},"end":{"line":104,"column":15}},"34":{"start":{"line":108,"column":20},"end":{"line":108,"column":63}},"35":{"start":{"line":111,"column":26},"end":{"line":111,"column":63}},"36":{"start":{"line":114,"column":23},"end":{"line":114,"column":60}},"37":{"start":{"line":117,"column":8},"end":{"line":117,"column":29}},"38":{"start":{"line":118,"column":8},"end":{"line":118,"column":36}},"39":{"start":{"line":119,"column":8},"end":{"line":119,"column":26}},"40":{"start":{"line":124,"column":28},"end":{"line":130,"column":10}},"41":{"start":{"line":132,"column":8},"end":{"line":137,"column":11}},"42":{"start":{"line":139,"column":8},"end":{"line":142,"column":11}},"43":{"start":{"line":145,"column":8},"end":{"line":145,"column":55}},"44":{"start":{"line":146,"column":8},"end":{"line":150,"column":11}},"45":{"start":{"line":158,"column":0},"end":{"line":227,"column":3}},"46":{"start":{"line":159,"column":4},"end":{"line":226,"column":5}},"47":{"start":{"line":160,"column":31},"end":{"line":160,"column":39}},"48":{"start":{"line":163,"column":8},"end":{"line":173,"column":9}},"49":{"start":{"line":169,"column":12},"end":{"line":172,"column":15}},"50":{"start":{"line":176,"column":27},"end":{"line":176,"column":55}},"51":{"start":{"line":177,"column":8},"end":{"line":182,"column":9}},"52":{"start":{"line":178,"column":12},"end":{"line":181,"column":15}},"53":{"start":{"line":185,"column":21},"end":{"line":185,"column":71}},"54":{"start":{"line":186,"column":8},"end":{"line":191,"column":9}},"55":{"start":{"line":187,"column":12},"end":{"line":190,"column":15}},"56":{"start":{"line":194,"column":8},"end":{"line":199,"column":9}},"57":{"start":{"line":195,"column":12},"end":{"line":198,"column":15}},"58":{"start":{"line":202,"column":27},"end":{"line":202,"column":73}},"59":{"start":{"line":203,"column":8},"end":{"line":208,"column":9}},"60":{"start":{"line":204,"column":12},"end":{"line":207,"column":15}},"61":{"start":{"line":211,"column":8},"end":{"line":211,"column":29}},"62":{"start":{"line":212,"column":8},"end":{"line":212,"column":39}},"63":{"start":{"line":213,"column":8},"end":{"line":213,"column":26}},"64":{"start":{"line":215,"column":8},"end":{"line":218,"column":11}},"65":{"start":{"line":221,"column":8},"end":{"line":221,"column":50}},"66":{"start":{"line":222,"column":8},"end":{"line":225,"column":11}},"67":{"start":{"line":233,"column":0},"end":{"line":305,"column":3}},"68":{"start":{"line":234,"column":4},"end":{"line":304,"column":5}},"69":{"start":{"line":235,"column":56},"end":{"line":235,"column":64}},"70":{"start":{"line":238,"column":8},"end":{"line":250,"column":9}},"71":{"start":{"line":246,"column":12},"end":{"line":249,"column":15}},"72":{"start":{"line":253,"column":27},"end":{"line":253,"column":55}},"73":{"start":{"line":254,"column":8},"end":{"line":259,"column":9}},"74":{"start":{"line":255,"column":12},"end":{"line":258,"column":15}},"75":{"start":{"line":262,"column":8},"end":{"line":267,"column":9}},"76":{"start":{"line":263,"column":12},"end":{"line":266,"column":15}},"77":{"start":{"line":270,"column":8},"end":{"line":275,"column":9}},"78":{"start":{"line":271,"column":12},"end":{"line":274,"column":15}},"79":{"start":{"line":278,"column":21},"end":{"line":278,"column":71}},"80":{"start":{"line":279,"column":8},"end":{"line":284,"column":9}},"81":{"start":{"line":280,"column":12},"end":{"line":283,"column":15}},"82":{"start":{"line":287,"column":32},"end":{"line":287,"column":66}},"83":{"start":{"line":290,"column":8},"end":{"line":290,"column":44}},"84":{"start":{"line":291,"column":8},"end":{"line":291,"column":26}},"85":{"start":{"line":293,"column":8},"end":{"line":296,"column":11}},"86":{"start":{"line":299,"column":8},"end":{"line":299,"column":54}},"87":{"start":{"line":300,"column":8},"end":{"line":303,"column":11}},"88":{"start":{"line":308,"column":0},"end":{"line":308,"column":24}}},"fnMap":{"0":{"name":"(anonymous_0)","decl":{"start":{"line":10,"column":17},"end":{"line":10,"column":18}},"loc":{"start":{"line":10,"column":37},"end":{"line":72,"column":1}},"line":10},"1":{"name":"(anonymous_1)","decl":{"start":{"line":77,"column":32},"end":{"line":77,"column":33}},"loc":{"start":{"line":77,"column":52},"end":{"line":152,"column":1}},"line":77},"2":{"name":"(anonymous_2)","decl":{"start":{"line":158,"column":27},"end":{"line":158,"column":28}},"loc":{"start":{"line":158,"column":47},"end":{"line":227,"column":1}},"line":158},"3":{"name":"(anonymous_3)","decl":{"start":{"line":233,"column":31},"end":{"line":233,"column":32}},"loc":{"start":{"line":233,"column":51},"end":{"line":305,"column":1}},"line":233}},"branchMap":{"0":{"loc":{"start":{"line":15,"column":8},"end":{"line":25,"column":9}},"type":"if","locations":[{"start":{"line":15,"column":8},"end":{"line":25,"column":9}},{"start":{},"end":{}}],"line":15},"1":{"loc":{"start":{"line":16,"column":12},"end":{"line":19,"column":34}},"type":"binary-expr","locations":[{"start":{"line":16,"column":12},"end":{"line":16,"column":18}},{"start":{"line":17,"column":12},"end":{"line":17,"column":21}},{"start":{"line":18,"column":12},"end":{"line":18,"column":31}},{"start":{"line":19,"column":12},"end":{"line":19,"column":34}}],"line":16},"2":{"loc":{"start":{"line":29,"column":8},"end":{"line":34,"column":9}},"type":"if","locations":[{"start":{"line":29,"column":8},"end":{"line":34,"column":9}},{"start":{},"end":{}}],"line":29},"3":{"loc":{"start":{"line":38,"column":8},"end":{"line":43,"column":9}},"type":"if","locations":[{"start":{"line":38,"column":8},"end":{"line":43,"column":9}},{"start":{},"end":{}}],"line":38},"4":{"loc":{"start":{"line":47,"column":8},"end":{"line":52,"column":9}},"type":"if","locations":[{"start":{"line":47,"column":8},"end":{"line":52,"column":9}},{"start":{},"end":{}}],"line":47},"5":{"loc":{"start":{"line":82,"column":8},"end":{"line":87,"column":9}},"type":"if","locations":[{"start":{"line":82,"column":8},"end":{"line":87,"column":9}},{"start":{},"end":{}}],"line":82},"6":{"loc":{"start":{"line":82,"column":12},"end":{"line":82,"column":41}},"type":"binary-expr","locations":[{"start":{"line":82,"column":12},"end":{"line":82,"column":18}},{"start":{"line":82,"column":22},"end":{"line":82,"column":41}}],"line":82},"7":{"loc":{"start":{"line":91,"column":8},"end":{"line":96,"column":9}},"type":"if","locations":[{"start":{"line":91,"column":8},"end":{"line":96,"column":9}},{"start":{},"end":{}}],"line":91},"8":{"loc":{"start":{"line":100,"column":8},"end":{"line":105,"column":9}},"type":"if","locations":[{"start":{"line":100,"column":8},"end":{"line":105,"column":9}},{"start":{},"end":{}}],"line":100},"9":{"loc":{"start":{"line":163,"column":8},"end":{"line":173,"column":9}},"type":"if","locations":[{"start":{"line":163,"column":8},"end":{"line":173,"column":9}},{"start":{},"end":{}}],"line":163},"10":{"loc":{"start":{"line":164,"column":12},"end":{"line":167,"column":40}},"type":"binary-expr","locations":[{"start":{"line":164,"column":12},"end":{"line":164,"column":18}},{"start":{"line":165,"column":12},"end":{"line":165,"column":16}},{"start":{"line":166,"column":12},"end":{"line":166,"column":31}},{"start":{"line":167,"column":12},"end":{"line":167,"column":40}}],"line":164},"11":{"loc":{"start":{"line":177,"column":8},"end":{"line":182,"column":9}},"type":"if","locations":[{"start":{"line":177,"column":8},"end":{"line":182,"column":9}},{"start":{},"end":{}}],"line":177},"12":{"loc":{"start":{"line":186,"column":8},"end":{"line":191,"column":9}},"type":"if","locations":[{"start":{"line":186,"column":8},"end":{"line":191,"column":9}},{"start":{},"end":{}}],"line":186},"13":{"loc":{"start":{"line":194,"column":8},"end":{"line":199,"column":9}},"type":"if","locations":[{"start":{"line":194,"column":8},"end":{"line":199,"column":9}},{"start":{},"end":{}}],"line":194},"14":{"loc":{"start":{"line":194,"column":12},"end":{"line":194,"column":66}},"type":"binary-expr","locations":[{"start":{"line":194,"column":12},"end":{"line":194,"column":31}},{"start":{"line":194,"column":35},"end":{"line":194,"column":66}}],"line":194},"15":{"loc":{"start":{"line":203,"column":8},"end":{"line":208,"column":9}},"type":"if","locations":[{"start":{"line":203,"column":8},"end":{"line":208,"column":9}},{"start":{},"end":{}}],"line":203},"16":{"loc":{"start":{"line":238,"column":8},"end":{"line":250,"column":9}},"type":"if","locations":[{"start":{"line":238,"column":8},"end":{"line":250,"column":9}},{"start":{},"end":{}}],"line":238},"17":{"loc":{"start":{"line":239,"column":12},"end":{"line":244,"column":41}},"type":"binary-expr","locations":[{"start":{"line":239,"column":12},"end":{"line":239,"column":18}},{"start":{"line":240,"column":12},"end":{"line":240,"column":24}},{"start":{"line":241,"column":12},"end":{"line":241,"column":28}},{"start":{"line":242,"column":12},"end":{"line":242,"column":31}},{"start":{"line":243,"column":12},"end":{"line":243,"column":37}},{"start":{"line":244,"column":12},"end":{"line":244,"column":41}}],"line":239},"18":{"loc":{"start":{"line":254,"column":8},"end":{"line":259,"column":9}},"type":"if","locations":[{"start":{"line":254,"column":8},"end":{"line":259,"column":9}},{"start":{},"end":{}}],"line":254},"19":{"loc":{"start":{"line":262,"column":8},"end":{"line":267,"column":9}},"type":"if","locations":[{"start":{"line":262,"column":8},"end":{"line":267,"column":9}},{"start":{},"end":{}}],"line":262},"20":{"loc":{"start":{"line":270,"column":8},"end":{"line":275,"column":9}},"type":"if","locations":[{"start":{"line":270,"column":8},"end":{"line":275,"column":9}},{"start":{},"end":{}}],"line":270},"21":{"loc":{"start":{"line":279,"column":8},"end":{"line":284,"column":9}},"type":"if","locations":[{"start":{"line":279,"column":8},"end":{"line":284,"column":9}},{"start":{},"end":{}}],"line":279}},"s":{"0":1,"1":1,"2":1,"3":1,"4":1,"5":1,"6":1,"7":0,"8":0,"9":0,"10":0,"11":0,"12":0,"13":0,"14":0,"15":0,"16":0,"17":0,"18":0,"19":0,"20":0,"21":0,"22":0,"23":1,"24":0,"25":0,"26":0,"27":0,"28":0,"29":0,"30":0,"31":0,"32":0,"33":0,"34":0,"35":0,"36":0,"37":0,"38":0,"39":0,"40":0,"41":0,"42":0,"43":0,"44":0,"45":1,"46":0,"47":0,"48":0,"49":0,"50":0,"51":0,"52":0,"53":0,"54":0,"55":0,"56":0,"57":0,"58":0,"59":0,"60":0,"61":0,"62":0,"63":0,"64":0,"65":0,"66":0,"67":1,"68":0,"69":0,"70":0,"71":0,"72":0,"73":0,"74":0,"75":0,"76":0,"77":0,"78":0,"79":0,"80":0,"81":0,"82":0,"83":0,"84":0,"85":0,"86":0,"87":0,"88":1},"f":{"0":0,"1":0,"2":0,"3":0},"b":{"0":[0,0],"1":[0,0,0,0],"2":[0,0],"3":[0,0],"4":[0,0],"5":[0,0],"6":[0,0],"7":[0,0],"8":[0,0],"9":[0,0],"10":[0,0,0,0],"11":[0,0],"12":[0,0],"13":[0,0],"14":[0,0],"15":[0,0],"16":[0,0],"17":[0,0,0,0,0,0],"18":[0,0],"19":[0,0],"20":[0,0],"21":[0,0]},"inputSourceMap":null,"_coverageSchema":"1a1c01bbd47fc00a2c39e90264f33305004495a9","hash":"d791a7203f7d933635a39c96f4ecb688b6004a85"}
,"C:\\Users\\Colin\\Desktop\\Seneca\\PRJ\\travelwise-server\\routes\\signup\\index.js": {"path":"C:\\Users\\Colin\\Desktop\\Seneca\\PRJ\\travelwise-server\\routes\\signup\\index.js","statementMap":{"0":{"start":{"line":1,"column":16},"end":{"line":1,"column":34}},"1":{"start":{"line":2,"column":15},"end":{"line":2,"column":32}},"2":{"start":{"line":3,"column":17},"end":{"line":3,"column":49}},"3":{"start":{"line":5,"column":15},"end":{"line":5,"column":31}},"4":{"start":{"line":8,"column":0},"end":{"line":93,"column":3}},"5":{"start":{"line":9,"column":4},"end":{"line":92,"column":5}},"6":{"start":{"line":10,"column":53},"end":{"line":10,"column":61}},"7":{"start":{"line":13,"column":8},"end":{"line":25,"column":9}},"8":{"start":{"line":21,"column":12},"end":{"line":24,"column":15}},"9":{"start":{"line":28,"column":27},"end":{"line":28,"column":55}},"10":{"start":{"line":29,"column":8},"end":{"line":34,"column":9}},"11":{"start":{"line":30,"column":12},"end":{"line":33,"column":15}},"12":{"start":{"line":37,"column":8},"end":{"line":42,"column":9}},"13":{"start":{"line":38,"column":12},"end":{"line":41,"column":15}},"14":{"start":{"line":45,"column":8},"end":{"line":50,"column":9}},"15":{"start":{"line":46,"column":12},"end":{"line":49,"column":15}},"16":{"start":{"line":55,"column":29},"end":{"line":55,"column":79}},"17":{"start":{"line":56,"column":8},"end":{"line":61,"column":9}},"18":{"start":{"line":57,"column":12},"end":{"line":60,"column":15}},"19":{"start":{"line":64,"column":27},"end":{"line":64,"column":29}},"20":{"start":{"line":65,"column":29},"end":{"line":65,"column":68}},"21":{"start":{"line":68,"column":24},"end":{"line":71,"column":10}},"22":{"start":{"line":73,"column":8},"end":{"line":73,"column":29}},"23":{"start":{"line":76,"column":8},"end":{"line":84,"column":11}},"24":{"start":{"line":87,"column":8},"end":{"line":87,"column":46}},"25":{"start":{"line":88,"column":8},"end":{"line":91,"column":11}},"26":{"start":{"line":95,"column":0},"end":{"line":95,"column":24}}},"fnMap":{"0":{"name":"(anonymous_0)","decl":{"start":{"line":8,"column":17},"end":{"line":8,"column":18}},"loc":{"start":{"line":8,"column":37},"end":{"line":93,"column":1}},"line":8}},"branchMap":{"0":{"loc":{"start":{"line":13,"column":8},"end":{"line":25,"column":9}},"type":"if","locations":[{"start":{"line":13,"column":8},"end":{"line":25,"column":9}},{"start":{},"end":{}}],"line":13},"1":{"loc":{"start":{"line":14,"column":12},"end":{"line":19,"column":41}},"type":"binary-expr","locations":[{"start":{"line":14,"column":12},"end":{"line":14,"column":37}},{"start":{"line":15,"column":12},"end":{"line":15,"column":31}},{"start":{"line":16,"column":12},"end":{"line":16,"column":21}},{"start":{"line":17,"column":12},"end":{"line":17,"column":34}},{"start":{"line":18,"column":12},"end":{"line":18,"column":28}},{"start":{"line":19,"column":12},"end":{"line":19,"column":41}}],"line":14},"2":{"loc":{"start":{"line":29,"column":8},"end":{"line":34,"column":9}},"type":"if","locations":[{"start":{"line":29,"column":8},"end":{"line":34,"column":9}},{"start":{},"end":{}}],"line":29},"3":{"loc":{"start":{"line":37,"column":8},"end":{"line":42,"column":9}},"type":"if","locations":[{"start":{"line":37,"column":8},"end":{"line":42,"column":9}},{"start":{},"end":{}}],"line":37},"4":{"loc":{"start":{"line":45,"column":8},"end":{"line":50,"column":9}},"type":"if","locations":[{"start":{"line":45,"column":8},"end":{"line":50,"column":9}},{"start":{},"end":{}}],"line":45},"5":{"loc":{"start":{"line":56,"column":8},"end":{"line":61,"column":9}},"type":"if","locations":[{"start":{"line":56,"column":8},"end":{"line":61,"column":9}},{"start":{},"end":{}}],"line":56}},"s":{"0":1,"1":1,"2":1,"3":1,"4":1,"5":0,"6":0,"7":0,"8":0,"9":0,"10":0,"11":0,"12":0,"13":0,"14":0,"15":0,"16":0,"17":0,"18":0,"19":0,"20":0,"21":0,"22":0,"23":0,"24":0,"25":0,"26":1},"f":{"0":0},"b":{"0":[0,0],"1":[0,0,0,0,0,0],"2":[0,0],"3":[0,0],"4":[0,0],"5":[0,0]},"inputSourceMap":null,"_coverageSchema":"1a1c01bbd47fc00a2c39e90264f33305004495a9","hash":"4ed861c4418060678cdc2af8549fa08e34e304bd"}
,"C:\\Users\\Colin\\Desktop\\Seneca\\PRJ\\travelwise-server\\routes\\userManagement\\index.js": {"path":"C:\\Users\\Colin\\Desktop\\Seneca\\PRJ\\travelwise-server\\routes\\userManagement\\index.js","statementMap":{"0":{"start":{"line":1,"column":16},"end":{"line":1,"column":34}},"1":{"start":{"line":2,"column":17},"end":{"line":2,"column":49}},"2":{"start":{"line":4,"column":15},"end":{"line":4,"column":31}},"3":{"start":{"line":8,"column":0},"end":{"line":55,"column":3}},"4":{"start":{"line":9,"column":4},"end":{"line":54,"column":5}},"5":{"start":{"line":10,"column":26},"end":{"line":10,"column":34}},"6":{"start":{"line":12,"column":8},"end":{"line":17,"column":9}},"7":{"start":{"line":13,"column":12},"end":{"line":16,"column":15}},"8":{"start":{"line":20,"column":27},"end":{"line":20,"column":55}},"9":{"start":{"line":21,"column":8},"end":{"line":26,"column":9}},"10":{"start":{"line":22,"column":12},"end":{"line":25,"column":15}},"11":{"start":{"line":29,"column":28},"end":{"line":29,"column":87}},"12":{"start":{"line":31,"column":8},"end":{"line":36,"column":9}},"13":{"start":{"line":32,"column":12},"end":{"line":35,"column":15}},"14":{"start":{"line":38,"column":8},"end":{"line":46,"column":11}},"15":{"start":{"line":49,"column":8},"end":{"line":49,"column":53}},"16":{"start":{"line":50,"column":8},"end":{"line":53,"column":11}},"17":{"start":{"line":68,"column":0},"end":{"line":117,"column":3}},"18":{"start":{"line":69,"column":4},"end":{"line":116,"column":5}},"19":{"start":{"line":70,"column":26},"end":{"line":70,"column":34}},"20":{"start":{"line":72,"column":8},"end":{"line":77,"column":9}},"21":{"start":{"line":73,"column":12},"end":{"line":76,"column":15}},"22":{"start":{"line":80,"column":27},"end":{"line":80,"column":55}},"23":{"start":{"line":81,"column":8},"end":{"line":86,"column":9}},"24":{"start":{"line":82,"column":12},"end":{"line":85,"column":15}},"25":{"start":{"line":89,"column":21},"end":{"line":89,"column":71}},"26":{"start":{"line":91,"column":8},"end":{"line":96,"column":9}},"27":{"start":{"line":92,"column":12},"end":{"line":95,"column":15}},"28":{"start":{"line":98,"column":8},"end":{"line":108,"column":11}},"29":{"start":{"line":111,"column":8},"end":{"line":111,"column":53}},"30":{"start":{"line":112,"column":8},"end":{"line":115,"column":11}},"31":{"start":{"line":128,"column":0},"end":{"line":186,"column":3}},"32":{"start":{"line":129,"column":4},"end":{"line":185,"column":5}},"33":{"start":{"line":130,"column":67},"end":{"line":130,"column":75}},"34":{"start":{"line":132,"column":8},"end":{"line":137,"column":9}},"35":{"start":{"line":133,"column":12},"end":{"line":136,"column":15}},"36":{"start":{"line":140,"column":27},"end":{"line":140,"column":55}},"37":{"start":{"line":141,"column":8},"end":{"line":146,"column":9}},"38":{"start":{"line":142,"column":12},"end":{"line":145,"column":15}},"39":{"start":{"line":149,"column":21},"end":{"line":149,"column":71}},"40":{"start":{"line":151,"column":8},"end":{"line":156,"column":9}},"41":{"start":{"line":152,"column":12},"end":{"line":155,"column":15}},"42":{"start":{"line":159,"column":8},"end":{"line":159,"column":53}},"43":{"start":{"line":160,"column":8},"end":{"line":160,"column":50}},"44":{"start":{"line":161,"column":8},"end":{"line":161,"column":41}},"45":{"start":{"line":162,"column":8},"end":{"line":162,"column":59}},"46":{"start":{"line":164,"column":8},"end":{"line":164,"column":26}},"47":{"start":{"line":166,"column":8},"end":{"line":177,"column":11}},"48":{"start":{"line":180,"column":8},"end":{"line":180,"column":53}},"49":{"start":{"line":181,"column":8},"end":{"line":184,"column":11}},"50":{"start":{"line":188,"column":0},"end":{"line":188,"column":24}}},"fnMap":{"0":{"name":"(anonymous_0)","decl":{"start":{"line":8,"column":34},"end":{"line":8,"column":35}},"loc":{"start":{"line":8,"column":54},"end":{"line":55,"column":1}},"line":8},"1":{"name":"(anonymous_1)","decl":{"start":{"line":68,"column":29},"end":{"line":68,"column":30}},"loc":{"start":{"line":68,"column":49},"end":{"line":117,"column":1}},"line":68},"2":{"name":"(anonymous_2)","decl":{"start":{"line":128,"column":28},"end":{"line":128,"column":29}},"loc":{"start":{"line":128,"column":48},"end":{"line":186,"column":1}},"line":128}},"branchMap":{"0":{"loc":{"start":{"line":12,"column":8},"end":{"line":17,"column":9}},"type":"if","locations":[{"start":{"line":12,"column":8},"end":{"line":17,"column":9}},{"start":{},"end":{}}],"line":12},"1":{"loc":{"start":{"line":21,"column":8},"end":{"line":26,"column":9}},"type":"if","locations":[{"start":{"line":21,"column":8},"end":{"line":26,"column":9}},{"start":{},"end":{}}],"line":21},"2":{"loc":{"start":{"line":31,"column":8},"end":{"line":36,"column":9}},"type":"if","locations":[{"start":{"line":31,"column":8},"end":{"line":36,"column":9}},{"start":{},"end":{}}],"line":31},"3":{"loc":{"start":{"line":72,"column":8},"end":{"line":77,"column":9}},"type":"if","locations":[{"start":{"line":72,"column":8},"end":{"line":77,"column":9}},{"start":{},"end":{}}],"line":72},"4":{"loc":{"start":{"line":81,"column":8},"end":{"line":86,"column":9}},"type":"if","locations":[{"start":{"line":81,"column":8},"end":{"line":86,"column":9}},{"start":{},"end":{}}],"line":81},"5":{"loc":{"start":{"line":91,"column":8},"end":{"line":96,"column":9}},"type":"if","locations":[{"start":{"line":91,"column":8},"end":{"line":96,"column":9}},{"start":{},"end":{}}],"line":91},"6":{"loc":{"start":{"line":132,"column":8},"end":{"line":137,"column":9}},"type":"if","locations":[{"start":{"line":132,"column":8},"end":{"line":137,"column":9}},{"start":{},"end":{}}],"line":132},"7":{"loc":{"start":{"line":141,"column":8},"end":{"line":146,"column":9}},"type":"if","locations":[{"start":{"line":141,"column":8},"end":{"line":146,"column":9}},{"start":{},"end":{}}],"line":141},"8":{"loc":{"start":{"line":151,"column":8},"end":{"line":156,"column":9}},"type":"if","locations":[{"start":{"line":151,"column":8},"end":{"line":156,"column":9}},{"start":{},"end":{}}],"line":151},"9":{"loc":{"start":{"line":159,"column":25},"end":{"line":159,"column":52}},"type":"binary-expr","locations":[{"start":{"line":159,"column":25},"end":{"line":159,"column":34}},{"start":{"line":159,"column":38},"end":{"line":159,"column":52}}],"line":159},"10":{"loc":{"start":{"line":160,"column":24},"end":{"line":160,"column":49}},"type":"binary-expr","locations":[{"start":{"line":160,"column":24},"end":{"line":160,"column":32}},{"start":{"line":160,"column":36},"end":{"line":160,"column":49}}],"line":160},"11":{"loc":{"start":{"line":161,"column":21},"end":{"line":161,"column":40}},"type":"binary-expr","locations":[{"start":{"line":161,"column":21},"end":{"line":161,"column":26}},{"start":{"line":161,"column":30},"end":{"line":161,"column":40}}],"line":161},"12":{"loc":{"start":{"line":162,"column":27},"end":{"line":162,"column":58}},"type":"binary-expr","locations":[{"start":{"line":162,"column":27},"end":{"line":162,"column":38}},{"start":{"line":162,"column":42},"end":{"line":162,"column":58}}],"line":162}},"s":{"0":1,"1":1,"2":1,"3":1,"4":0,"5":0,"6":0,"7":0,"8":0,"9":0,"10":0,"11":0,"12":0,"13":0,"14":0,"15":0,"16":0,"17":1,"18":0,"19":0,"20":0,"21":0,"22":0,"23":0,"24":0,"25":0,"26":0,"27":0,"28":0,"29":0,"30":0,"31":1,"32":0,"33":0,"34":0,"35":0,"36":0,"37":0,"38":0,"39":0,"40":0,"41":0,"42":0,"43":0,"44":0,"45":0,"46":0,"47":0,"48":0,"49":0,"50":1},"f":{"0":0,"1":0,"2":0},"b":{"0":[0,0],"1":[0,0],"2":[0,0],"3":[0,0],"4":[0,0],"5":[0,0],"6":[0,0],"7":[0,0],"8":[0,0],"9":[0,0],"10":[0,0],"11":[0,0],"12":[0,0]},"inputSourceMap":null,"_coverageSchema":"1a1c01bbd47fc00a2c39e90264f33305004495a9","hash":"fbf9958a6236f88a203e8217b26bc50be9c6b223"}
}
