TN:
SF:index.js
FN:25,(anonymous_0)
FN:29,(anonymous_1)
FN:45,(anonymous_2)
FN:60,(anonymous_3)
FN:62,(anonymous_4)
FNF:5
FNH:3
FNDA:0,(anonymous_0)
FNDA:0,(anonymous_1)
FNDA:2,(anonymous_2)
FNDA:2,(anonymous_3)
FNDA:2,(anonymous_4)
DA:1,2
DA:2,2
DA:3,2
DA:5,2
DA:10,2
DA:11,2
DA:12,2
DA:13,2
DA:14,2
DA:19,2
DA:20,2
DA:23,2
DA:25,2
DA:26,0
DA:29,2
DA:30,0
DA:38,2
DA:39,2
DA:40,2
DA:41,2
DA:42,2
DA:45,2
DA:46,2
DA:47,2
DA:53,2
DA:55,0
DA:60,2
DA:61,2
DA:62,2
DA:63,2
DA:67,2
LF:31
LH:28
BRDA:61,0,0,2
BRDA:61,0,1,0
BRF:2
BRH:1
end_of_record
TN:
SF:database\schema.js
FNF:0
FNH:0
DA:1,4
DA:4,4
DA:11,4
DA:16,4
DA:29,4
DA:36,4
DA:50,4
DA:70,4
DA:75,4
DA:79,4
DA:97,4
DA:113,4
DA:129,4
DA:142,4
DA:151,4
DA:165,4
DA:173,4
DA:183,4
DA:197,4
DA:206,4
DA:216,4
DA:217,4
DA:218,4
DA:219,4
DA:220,4
DA:221,4
DA:222,4
DA:223,4
DA:224,4
DA:227,4
DA:230,4
DA:233,4
DA:235,4
DA:236,4
DA:237,4
DA:238,4
DA:239,4
DA:240,4
DA:241,4
DA:242,4
DA:243,4
DA:244,4
DA:247,4
LF:43
LH:43
BRDA:244,0,0,4
BRDA:244,0,1,4
BRF:2
BRH:2
end_of_record
TN:
SF:routes\flight\index.js
FN:7,getUserFromBody
FN:15,(anonymous_1)
FN:45,(anonymous_2)
FN:99,(anonymous_3)
FN:119,(anonymous_4)
FN:161,(anonymous_5)
FNF:6
FNH:2
FNDA:1,getUserFromBody
FNDA:0,(anonymous_1)
FNDA:1,(anonymous_2)
FNDA:0,(anonymous_3)
FNDA:0,(anonymous_4)
FNDA:0,(anonymous_5)
DA:1,2
DA:2,2
DA:4,2
DA:8,1
DA:9,1
DA:10,0
DA:11,0
DA:15,2
DA:16,0
DA:17,0
DA:18,0
DA:19,0
DA:20,0
DA:21,0
DA:22,0
DA:23,0
DA:24,0
DA:26,0
DA:27,0
DA:29,0
DA:36,0
DA:37,0
DA:39,0
DA:40,0
DA:45,2
DA:46,1
DA:47,1
DA:48,1
DA:50,1
DA:51,1
DA:52,1
DA:53,1
DA:54,1
DA:55,1
DA:56,1
DA:57,1
DA:58,1
DA:59,1
DA:61,1
DA:62,1
DA:63,1
DA:64,1
DA:66,1
DA:67,1
DA:69,0
DA:70,0
DA:72,0
DA:87,0
DA:88,0
DA:90,0
DA:91,0
DA:93,0
DA:94,0
DA:99,2
DA:100,0
DA:101,0
DA:102,0
DA:103,0
DA:105,0
DA:106,0
DA:108,0
DA:109,0
DA:111,0
DA:113,0
DA:114,0
DA:119,2
DA:120,0
DA:121,0
DA:122,0
DA:123,0
DA:126,0
DA:127,0
DA:128,0
DA:129,0
DA:131,0
DA:133,0
DA:134,0
DA:136,0
DA:137,0
DA:138,0
DA:139,0
DA:140,0
DA:141,0
DA:142,0
DA:143,0
DA:144,0
DA:145,0
DA:146,0
DA:148,0
DA:150,0
DA:151,0
DA:152,0
DA:153,0
DA:155,0
DA:156,0
DA:161,2
DA:162,0
DA:163,0
DA:164,0
DA:165,0
DA:167,0
DA:168,0
DA:170,0
DA:171,0
DA:172,0
DA:174,0
DA:175,0
DA:179,2
LF:108
LH:30
BRDA:8,0,0,1
BRDA:8,0,1,0
BRDA:9,1,0,1
BRDA:9,1,1,0
BRDA:10,2,0,0
BRDA:10,2,1,0
BRDA:19,3,0,0
BRDA:19,3,1,0
BRDA:19,4,0,0
BRDA:19,4,1,0
BRDA:20,5,0,0
BRDA:20,5,1,0
BRDA:21,6,0,0
BRDA:21,6,1,0
BRDA:21,7,0,0
BRDA:21,7,1,0
BRDA:21,7,2,0
BRDA:22,8,0,0
BRDA:22,8,1,0
BRDA:23,9,0,0
BRDA:23,9,1,0
BRDA:24,10,0,0
BRDA:24,10,1,0
BRDA:27,11,0,0
BRDA:27,11,1,0
BRDA:51,12,0,0
BRDA:51,12,1,1
BRDA:51,13,0,1
BRDA:51,13,1,0
BRDA:52,14,0,0
BRDA:52,14,1,1
BRDA:53,15,0,0
BRDA:53,15,1,1
BRDA:54,16,0,0
BRDA:54,16,1,1
BRDA:55,17,0,0
BRDA:55,17,1,1
BRDA:56,18,0,0
BRDA:56,18,1,1
BRDA:57,19,0,0
BRDA:57,19,1,1
BRDA:58,20,0,0
BRDA:58,20,1,1
BRDA:58,21,0,1
BRDA:58,21,1,1
BRDA:59,22,0,0
BRDA:59,22,1,1
BRDA:63,23,0,0
BRDA:63,23,1,1
BRDA:64,24,0,0
BRDA:64,24,1,1
BRDA:67,25,0,1
BRDA:67,25,1,0
BRDA:70,26,0,0
BRDA:70,26,1,0
BRDA:82,27,0,0
BRDA:82,27,1,0
BRDA:88,28,0,0
BRDA:88,28,1,0
BRDA:103,29,0,0
BRDA:103,29,1,0
BRDA:103,30,0,0
BRDA:103,30,1,0
BRDA:106,31,0,0
BRDA:106,31,1,0
BRDA:109,32,0,0
BRDA:109,32,1,0
BRDA:111,33,0,0
BRDA:111,33,1,0
BRDA:123,34,0,0
BRDA:123,34,1,0
BRDA:123,35,0,0
BRDA:123,35,1,0
BRDA:126,36,0,0
BRDA:126,36,1,0
BRDA:126,37,0,0
BRDA:126,37,1,0
BRDA:129,38,0,0
BRDA:129,38,1,0
BRDA:131,39,0,0
BRDA:131,39,1,0
BRDA:131,40,0,0
BRDA:131,40,1,0
BRDA:131,40,2,0
BRDA:134,41,0,0
BRDA:134,41,1,0
BRDA:137,42,0,0
BRDA:137,42,1,0
BRDA:138,43,0,0
BRDA:138,43,1,0
BRDA:139,44,0,0
BRDA:139,44,1,0
BRDA:140,45,0,0
BRDA:140,45,1,0
BRDA:141,46,0,0
BRDA:141,46,1,0
BRDA:142,47,0,0
BRDA:142,47,1,0
BRDA:143,48,0,0
BRDA:143,48,1,0
BRDA:144,49,0,0
BRDA:144,49,1,0
BRDA:144,50,0,0
BRDA:144,50,1,0
BRDA:145,51,0,0
BRDA:145,51,1,0
BRDA:148,52,0,0
BRDA:148,52,1,0
BRDA:151,53,0,0
BRDA:151,53,1,0
BRDA:165,54,0,0
BRDA:165,54,1,0
BRDA:165,55,0,0
BRDA:165,55,1,0
BRDA:168,56,0,0
BRDA:168,56,1,0
BRDA:171,57,0,0
BRDA:171,57,1,0
BRF:118
BRH:17
end_of_record
TN:
SF:routes\itinerary\index.js
FN:7,(anonymous_0)
FN:44,(anonymous_1)
FN:113,(anonymous_2)
FN:158,(anonymous_3)
FN:231,(anonymous_4)
FNF:5
FNH:0
FNDA:0,(anonymous_0)
FNDA:0,(anonymous_1)
FNDA:0,(anonymous_2)
FNDA:0,(anonymous_3)
FNDA:0,(anonymous_4)
DA:1,2
DA:2,2
DA:4,2
DA:7,2
DA:8,0
DA:9,0
DA:11,0
DA:12,0
DA:19,0
DA:20,0
DA:21,0
DA:27,0
DA:29,0
DA:35,0
DA:36,0
DA:44,2
DA:45,0
DA:46,0
DA:48,0
DA:49,0
DA:50,0
DA:51,0
DA:52,0
DA:53,0
DA:54,0
DA:55,0
DA:56,0
DA:64,0
DA:65,0
DA:66,0
DA:67,0
DA:74,0
DA:75,0
DA:76,0
DA:82,0
DA:96,0
DA:98,0
DA:104,0
DA:105,0
DA:113,2
DA:114,0
DA:115,0
DA:116,0
DA:118,0
DA:119,0
DA:126,0
DA:127,0
DA:128,0
DA:134,0
DA:136,0
DA:137,0
DA:143,0
DA:149,0
DA:150,0
DA:158,2
DA:159,0
DA:160,0
DA:161,0
DA:163,0
DA:164,0
DA:172,0
DA:173,0
DA:174,0
DA:175,0
DA:176,0
DA:184,0
DA:185,0
DA:186,0
DA:192,0
DA:209,0
DA:210,0
DA:216,0
DA:222,0
DA:223,0
DA:231,2
DA:232,0
DA:233,0
DA:234,0
DA:236,0
DA:237,0
DA:244,0
DA:245,0
DA:246,0
DA:252,0
DA:254,0
DA:255,0
DA:261,0
DA:267,0
DA:268,0
DA:275,2
LF:90
LH:9
BRDA:11,0,0,0
BRDA:11,0,1,0
BRDA:20,1,0,0
BRDA:20,1,1,0
BRDA:48,2,0,0
BRDA:48,2,1,0
BRDA:48,3,0,0
BRDA:48,3,1,0
BRDA:48,3,2,0
BRDA:48,3,3,0
BRDA:48,3,4,0
BRDA:48,3,5,0
BRDA:50,4,0,0
BRDA:50,4,1,0
BRDA:51,5,0,0
BRDA:51,5,1,0
BRDA:52,6,0,0
BRDA:52,6,1,0
BRDA:53,7,0,0
BRDA:53,7,1,0
BRDA:54,8,0,0
BRDA:54,8,1,0
BRDA:55,9,0,0
BRDA:55,9,1,0
BRDA:66,10,0,0
BRDA:66,10,1,0
BRDA:75,11,0,0
BRDA:75,11,1,0
BRDA:118,12,0,0
BRDA:118,12,1,0
BRDA:127,13,0,0
BRDA:127,13,1,0
BRDA:136,14,0,0
BRDA:136,14,1,0
BRDA:163,15,0,0
BRDA:163,15,1,0
BRDA:172,16,0,0
BRDA:172,16,1,0
BRDA:172,17,0,0
BRDA:172,17,1,0
BRDA:175,18,0,0
BRDA:175,18,1,0
BRDA:185,19,0,0
BRDA:185,19,1,0
BRDA:209,20,0,0
BRDA:209,20,1,0
BRDA:236,21,0,0
BRDA:236,21,1,0
BRDA:245,22,0,0
BRDA:245,22,1,0
BRDA:254,23,0,0
BRDA:254,23,1,0
BRF:52
BRH:0
end_of_record
TN:
SF:routes\login\index.js
FN:10,(anonymous_0)
FN:77,(anonymous_1)
FN:158,(anonymous_2)
FN:233,(anonymous_3)
FNF:4
FNH:0
FNDA:0,(anonymous_0)
FNDA:0,(anonymous_1)
FNDA:0,(anonymous_2)
FNDA:0,(anonymous_3)
DA:1,2
DA:2,2
DA:3,2
DA:4,2
DA:5,2
DA:7,2
DA:10,2
DA:11,0
DA:12,0
DA:15,0
DA:21,0
DA:28,0
DA:29,0
DA:30,0
DA:37,0
DA:38,0
DA:39,0
DA:46,0
DA:47,0
DA:48,0
DA:55,0
DA:66,0
DA:67,0
DA:77,2
DA:78,0
DA:79,0
DA:82,0
DA:83,0
DA:90,0
DA:91,0
DA:92,0
DA:99,0
DA:100,0
DA:101,0
DA:108,0
DA:111,0
DA:114,0
DA:117,0
DA:118,0
DA:119,0
DA:124,0
DA:132,0
DA:139,0
DA:145,0
DA:146,0
DA:158,2
DA:159,0
DA:160,0
DA:163,0
DA:169,0
DA:176,0
DA:177,0
DA:178,0
DA:185,0
DA:186,0
DA:187,0
DA:194,0
DA:195,0
DA:202,0
DA:203,0
DA:204,0
DA:211,0
DA:212,0
DA:213,0
DA:215,0
DA:221,0
DA:222,0
DA:233,2
DA:234,0
DA:235,0
DA:238,0
DA:246,0
DA:253,0
DA:254,0
DA:255,0
DA:262,0
DA:263,0
DA:270,0
DA:271,0
DA:278,0
DA:279,0
DA:280,0
DA:287,0
DA:290,0
DA:291,0
DA:293,0
DA:299,0
DA:300,0
DA:308,2
LF:89
LH:11
BRDA:15,0,0,0
BRDA:15,0,1,0
BRDA:16,1,0,0
BRDA:16,1,1,0
BRDA:16,1,2,0
BRDA:16,1,3,0
BRDA:29,2,0,0
BRDA:29,2,1,0
BRDA:38,3,0,0
BRDA:38,3,1,0
BRDA:47,4,0,0
BRDA:47,4,1,0
BRDA:82,5,0,0
BRDA:82,5,1,0
BRDA:82,6,0,0
BRDA:82,6,1,0
BRDA:91,7,0,0
BRDA:91,7,1,0
BRDA:100,8,0,0
BRDA:100,8,1,0
BRDA:163,9,0,0
BRDA:163,9,1,0
BRDA:164,10,0,0
BRDA:164,10,1,0
BRDA:164,10,2,0
BRDA:164,10,3,0
BRDA:177,11,0,0
BRDA:177,11,1,0
BRDA:186,12,0,0
BRDA:186,12,1,0
BRDA:194,13,0,0
BRDA:194,13,1,0
BRDA:194,14,0,0
BRDA:194,14,1,0
BRDA:203,15,0,0
BRDA:203,15,1,0
BRDA:238,16,0,0
BRDA:238,16,1,0
BRDA:239,17,0,0
BRDA:239,17,1,0
BRDA:239,17,2,0
BRDA:239,17,3,0
BRDA:239,17,4,0
BRDA:239,17,5,0
BRDA:254,18,0,0
BRDA:254,18,1,0
BRDA:262,19,0,0
BRDA:262,19,1,0
BRDA:270,20,0,0
BRDA:270,20,1,0
BRDA:279,21,0,0
BRDA:279,21,1,0
BRF:52
BRH:0
end_of_record
TN:
SF:routes\signup\index.js
FN:8,(anonymous_0)
FNF:1
FNH:1
FNDA:1,(anonymous_0)
DA:1,2
DA:2,2
DA:3,2
DA:5,2
DA:8,2
DA:9,1
DA:10,1
DA:13,1
DA:21,0
DA:28,1
DA:29,1
DA:30,0
DA:37,1
DA:38,0
DA:45,1
DA:46,0
DA:55,1
DA:56,1
DA:57,0
DA:64,1
DA:65,1
DA:68,1
DA:73,1
DA:76,1
DA:87,0
DA:88,0
DA:95,2
LF:27
LH:20
BRDA:13,0,0,0
BRDA:13,0,1,1
BRDA:14,1,0,1
BRDA:14,1,1,1
BRDA:14,1,2,1
BRDA:14,1,3,1
BRDA:14,1,4,1
BRDA:14,1,5,1
BRDA:29,2,0,0
BRDA:29,2,1,1
BRDA:37,3,0,0
BRDA:37,3,1,1
BRDA:45,4,0,0
BRDA:45,4,1,1
BRDA:56,5,0,0
BRDA:56,5,1,1
BRF:16
BRH:11
end_of_record
TN:
SF:routes\userManagement\index.js
FN:8,(anonymous_0)
FN:68,(anonymous_1)
FN:128,(anonymous_2)
FNF:3
FNH:1
FNDA:1,(anonymous_0)
FNDA:0,(anonymous_1)
FNDA:0,(anonymous_2)
DA:1,2
DA:2,2
DA:4,2
DA:8,2
DA:9,1
DA:10,1
DA:12,1
DA:13,0
DA:20,1
DA:21,1
DA:22,0
DA:29,1
DA:31,1
DA:32,0
DA:38,1
DA:49,0
DA:50,0
DA:68,2
DA:69,0
DA:70,0
DA:72,0
DA:73,0
DA:80,0
DA:81,0
DA:82,0
DA:89,0
DA:91,0
DA:92,0
DA:98,0
DA:111,0
DA:112,0
DA:128,2
DA:129,0
DA:130,0
DA:132,0
DA:133,0
DA:140,0
DA:141,0
DA:142,0
DA:149,0
DA:151,0
DA:152,0
DA:159,0
DA:160,0
DA:161,0
DA:162,0
DA:164,0
DA:166,0
DA:180,0
DA:181,0
DA:188,2
LF:51
LH:15
BRDA:12,0,0,0
BRDA:12,0,1,1
BRDA:21,1,0,0
BRDA:21,1,1,1
BRDA:31,2,0,0
BRDA:31,2,1,1
BRDA:72,3,0,0
BRDA:72,3,1,0
BRDA:81,4,0,0
BRDA:81,4,1,0
BRDA:91,5,0,0
BRDA:91,5,1,0
BRDA:132,6,0,0
BRDA:132,6,1,0
BRDA:141,7,0,0
BRDA:141,7,1,0
BRDA:151,8,0,0
BRDA:151,8,1,0
BRDA:159,9,0,0
BRDA:159,9,1,0
BRDA:160,10,0,0
BRDA:160,10,1,0
BRDA:161,11,0,0
BRDA:161,11,1,0
BRDA:162,12,0,0
BRDA:162,12,1,0
BRF:26
BRH:3
end_of_record
